{"/home/dmi/projects/p2p-backend/models/tools/settlements.js":{"path":"/home/dmi/projects/p2p-backend/models/tools/settlements.js","s":{"1":1,"2":1,"3":1,"4":1,"5":1,"6":6,"7":6,"8":6,"9":6,"10":6,"11":6,"12":6,"13":6,"14":6,"15":6,"16":1,"17":1,"18":1,"19":1,"20":1,"21":1,"22":1,"23":1,"24":1,"25":1},"b":{"1":[5,1]},"f":{"1":6,"2":1},"fnMap":{"1":{"name":"define","line":10,"loc":{"start":{"line":10,"column":0},"end":{"line":10,"column":25}}},"2":{"name":"nextPeriod","line":24,"loc":{"start":{"line":24,"column":0},"end":{"line":24,"column":22}}}},"statementMap":{"1":{"start":{"line":1,"column":0},"end":{"line":1,"column":31}},"2":{"start":{"line":2,"column":0},"end":{"line":2,"column":35}},"3":{"start":{"line":3,"column":0},"end":{"line":3,"column":29}},"4":{"start":{"line":5,"column":0},"end":{"line":8,"column":17}},"5":{"start":{"line":10,"column":0},"end":{"line":22,"column":1}},"6":{"start":{"line":11,"column":2},"end":{"line":11,"column":40}},"7":{"start":{"line":12,"column":2},"end":{"line":12,"column":85}},"8":{"start":{"line":13,"column":2},"end":{"line":13,"column":71}},"9":{"start":{"line":15,"column":2},"end":{"line":15,"column":43}},"10":{"start":{"line":16,"column":2},"end":{"line":16,"column":17}},"11":{"start":{"line":17,"column":2},"end":{"line":17,"column":74}},"12":{"start":{"line":18,"column":2},"end":{"line":18,"column":28}},"13":{"start":{"line":19,"column":2},"end":{"line":19,"column":48}},"14":{"start":{"line":20,"column":2},"end":{"line":20,"column":51}},"15":{"start":{"line":21,"column":2},"end":{"line":21,"column":34}},"16":{"start":{"line":24,"column":0},"end":{"line":33,"column":1}},"17":{"start":{"line":25,"column":2},"end":{"line":25,"column":33}},"18":{"start":{"line":26,"column":2},"end":{"line":26,"column":43}},"19":{"start":{"line":27,"column":2},"end":{"line":27,"column":28}},"20":{"start":{"line":28,"column":2},"end":{"line":28,"column":39}},"21":{"start":{"line":29,"column":2},"end":{"line":29,"column":37}},"22":{"start":{"line":30,"column":2},"end":{"line":30,"column":21}},"23":{"start":{"line":31,"column":2},"end":{"line":31,"column":17}},"24":{"start":{"line":32,"column":2},"end":{"line":32,"column":14}},"25":{"start":{"line":35,"column":0},"end":{"line":39,"column":1}}},"branchMap":{"1":{"line":17,"type":"cond-expr","locations":[{"start":{"line":17,"column":68},"end":{"line":17,"column":69}},{"start":{"line":17,"column":72},"end":{"line":17,"column":73}}]}}},"/home/dmi/projects/p2p-backend/models/plugins/status-history.js":{"path":"/home/dmi/projects/p2p-backend/models/plugins/status-history.js","s":{"1":1,"2":1,"3":1,"4":4,"5":4,"6":4,"7":4,"8":4,"9":4,"10":33,"11":33,"12":33,"13":4,"14":104,"15":104,"16":40,"17":5,"18":40,"19":64,"20":104,"21":1},"b":{"1":[4,1],"2":[4,1],"3":[4,4],"4":[33,0],"5":[33,33],"6":[40,64],"7":[104,66],"8":[5,35],"9":[64,50]},"f":{"1":4,"2":33,"3":104},"fnMap":{"1":{"name":"statusHistory","line":5,"loc":{"start":{"line":5,"column":0},"end":{"line":5,"column":40}}},"2":{"name":"(anonymous_2)","line":28,"loc":{"start":{"line":28,"column":28},"end":{"line":28,"column":41}}},"3":{"name":"(anonymous_3)","line":35,"loc":{"start":{"line":35,"column":25},"end":{"line":35,"column":40}}}},"statementMap":{"1":{"start":{"line":1,"column":0},"end":{"line":1,"column":43}},"2":{"start":{"line":3,"column":0},"end":{"line":3,"column":41}},"3":{"start":{"line":5,"column":0},"end":{"line":53,"column":1}},"4":{"start":{"line":6,"column":2},"end":{"line":6,"column":26}},"5":{"start":{"line":7,"column":2},"end":{"line":7,"column":50}},"6":{"start":{"line":8,"column":2},"end":{"line":8,"column":61}},"7":{"start":{"line":10,"column":2},"end":{"line":24,"column":5}},"8":{"start":{"line":26,"column":2},"end":{"line":26,"column":28}},"9":{"start":{"line":28,"column":2},"end":{"line":33,"column":5}},"10":{"start":{"line":29,"column":4},"end":{"line":31,"column":5}},"11":{"start":{"line":30,"column":6},"end":{"line":30,"column":38}},"12":{"start":{"line":32,"column":4},"end":{"line":32,"column":13}},"13":{"start":{"line":35,"column":2},"end":{"line":51,"column":5}},"14":{"start":{"line":36,"column":4},"end":{"line":36,"column":35}},"15":{"start":{"line":38,"column":4},"end":{"line":49,"column":5}},"16":{"start":{"line":39,"column":6},"end":{"line":45,"column":7}},"17":{"start":{"line":40,"column":8},"end":{"line":44,"column":11}},"18":{"start":{"line":46,"column":6},"end":{"line":46,"column":38}},"19":{"start":{"line":48,"column":6},"end":{"line":48,"column":57}},"20":{"start":{"line":50,"column":4},"end":{"line":50,"column":11}},"21":{"start":{"line":54,"column":0},"end":{"line":54,"column":34}}},"branchMap":{"1":{"line":6,"type":"binary-expr","locations":[{"start":{"line":6,"column":12},"end":{"line":6,"column":19}},{"start":{"line":6,"column":23},"end":{"line":6,"column":25}}]},"2":{"line":7,"type":"binary-expr","locations":[{"start":{"line":7,"column":19},"end":{"line":7,"column":37}},{"start":{"line":7,"column":41},"end":{"line":7,"column":49}}]},"3":{"line":8,"type":"binary-expr","locations":[{"start":{"line":8,"column":22},"end":{"line":8,"column":43}},{"start":{"line":8,"column":47},"end":{"line":8,"column":60}}]},"4":{"line":29,"type":"if","locations":[{"start":{"line":29,"column":4},"end":{"line":29,"column":4}},{"start":{"line":29,"column":4},"end":{"line":29,"column":4}}]},"5":{"line":29,"type":"binary-expr","locations":[{"start":{"line":29,"column":8},"end":{"line":29,"column":22}},{"start":{"line":29,"column":26},"end":{"line":29,"column":52}}]},"6":{"line":38,"type":"if","locations":[{"start":{"line":38,"column":4},"end":{"line":38,"column":4}},{"start":{"line":38,"column":4},"end":{"line":38,"column":4}}]},"7":{"line":38,"type":"binary-expr","locations":[{"start":{"line":38,"column":8},"end":{"line":38,"column":18}},{"start":{"line":38,"column":22},"end":{"line":38,"column":47}}]},"8":{"line":39,"type":"if","locations":[{"start":{"line":39,"column":6},"end":{"line":39,"column":6}},{"start":{"line":39,"column":6},"end":{"line":39,"column":6}}]},"9":{"line":48,"type":"binary-expr","locations":[{"start":{"line":48,"column":24},"end":{"line":48,"column":39}},{"start":{"line":48,"column":43},"end":{"line":48,"column":56}}]}}},"/home/dmi/projects/p2p-backend/models/institutions.js":{"path":"/home/dmi/projects/p2p-backend/models/institutions.js","s":{"1":1,"2":1,"3":1,"4":1,"5":1,"6":1,"7":1,"8":1,"9":1,"10":1,"11":1,"12":1,"13":1,"14":1,"15":2,"16":2,"17":2,"18":2,"19":2,"20":0,"21":2,"22":2,"23":2,"24":1,"25":2,"26":2,"27":0,"28":2,"29":2,"30":2,"31":1,"32":2,"33":2,"34":2,"35":2,"36":2,"37":1,"38":1,"39":1,"40":1,"41":0,"42":1,"43":1,"44":1,"45":1,"46":1,"47":1,"48":1,"49":1,"50":0,"51":1,"52":1,"53":0,"54":1,"55":1,"56":1,"57":1},"b":{"1":[0,2],"2":[0,2],"3":[0,1],"4":[0,1]},"f":{"1":2,"2":2,"3":2,"4":2,"5":2,"6":2,"7":1,"8":1,"9":1},"fnMap":{"1":{"name":"closeOperatingDate","line":36,"loc":{"start":{"line":36,"column":0},"end":{"line":36,"column":47}}},"2":{"name":"(anonymous_2)","line":45,"loc":{"start":{"line":45,"column":57},"end":{"line":45,"column":76}}},"3":{"name":"closeForAccounts","line":52,"loc":{"start":{"line":52,"column":2},"end":{"line":52,"column":30}}},"4":{"name":"(anonymous_4)","line":53,"loc":{"start":{"line":53,"column":58},"end":{"line":53,"column":77}}},"5":{"name":"done","line":61,"loc":{"start":{"line":61,"column":2},"end":{"line":61,"column":18}}},"6":{"name":"(anonymous_6)","line":64,"loc":{"start":{"line":64,"column":14},"end":{"line":64,"column":35}}},"7":{"name":"openOperatingDate","line":72,"loc":{"start":{"line":72,"column":0},"end":{"line":72,"column":46}}},"8":{"name":"(anonymous_8)","line":89,"loc":{"start":{"line":89,"column":19},"end":{"line":89,"column":40}}},"9":{"name":"(anonymous_9)","line":91,"loc":{"start":{"line":91,"column":58},"end":{"line":91,"column":77}}}},"statementMap":{"1":{"start":{"line":1,"column":0},"end":{"line":1,"column":31}},"2":{"start":{"line":2,"column":0},"end":{"line":2,"column":28}},"3":{"start":{"line":3,"column":0},"end":{"line":3,"column":35}},"4":{"start":{"line":4,"column":0},"end":{"line":4,"column":29}},"5":{"start":{"line":5,"column":0},"end":{"line":5,"column":43}},"6":{"start":{"line":7,"column":0},"end":{"line":7,"column":44}},"7":{"start":{"line":9,"column":0},"end":{"line":16,"column":3}},"8":{"start":{"line":17,"column":0},"end":{"line":17,"column":40}},"9":{"start":{"line":18,"column":0},"end":{"line":18,"column":55}},"10":{"start":{"line":19,"column":0},"end":{"line":19,"column":39}},"11":{"start":{"line":21,"column":0},"end":{"line":21,"column":66}},"12":{"start":{"line":22,"column":0},"end":{"line":22,"column":64}},"13":{"start":{"line":28,"column":0},"end":{"line":30,"column":2}},"14":{"start":{"line":36,"column":0},"end":{"line":70,"column":1}},"15":{"start":{"line":37,"column":2},"end":{"line":37,"column":18}},"16":{"start":{"line":38,"column":2},"end":{"line":38,"column":18}},"17":{"start":{"line":40,"column":2},"end":{"line":43,"column":4}},"18":{"start":{"line":45,"column":2},"end":{"line":50,"column":5}},"19":{"start":{"line":46,"column":4},"end":{"line":46,"column":34}},"20":{"start":{"line":46,"column":13},"end":{"line":46,"column":34}},"21":{"start":{"line":47,"column":4},"end":{"line":47,"column":18}},"22":{"start":{"line":48,"column":4},"end":{"line":48,"column":31}},"23":{"start":{"line":49,"column":4},"end":{"line":49,"column":23}},"24":{"start":{"line":52,"column":2},"end":{"line":59,"column":3}},"25":{"start":{"line":53,"column":4},"end":{"line":58,"column":7}},"26":{"start":{"line":54,"column":6},"end":{"line":54,"column":36}},"27":{"start":{"line":54,"column":15},"end":{"line":54,"column":36}},"28":{"start":{"line":55,"column":6},"end":{"line":55,"column":20}},"29":{"start":{"line":56,"column":6},"end":{"line":56,"column":33}},"30":{"start":{"line":57,"column":6},"end":{"line":57,"column":13}},"31":{"start":{"line":61,"column":2},"end":{"line":68,"column":3}},"32":{"start":{"line":62,"column":4},"end":{"line":62,"column":50}},"33":{"start":{"line":63,"column":4},"end":{"line":63,"column":30}},"34":{"start":{"line":64,"column":4},"end":{"line":67,"column":7}},"35":{"start":{"line":65,"column":6},"end":{"line":65,"column":33}},"36":{"start":{"line":66,"column":6},"end":{"line":66,"column":35}},"37":{"start":{"line":72,"column":0},"end":{"line":100,"column":1}},"38":{"start":{"line":73,"column":2},"end":{"line":78,"column":3}},"39":{"start":{"line":74,"column":4},"end":{"line":74,"column":74}},"40":{"start":{"line":75,"column":4},"end":{"line":75,"column":69}},"41":{"start":{"line":77,"column":4},"end":{"line":77,"column":23}},"42":{"start":{"line":79,"column":2},"end":{"line":79,"column":18}},"43":{"start":{"line":80,"column":2},"end":{"line":80,"column":33}},"44":{"start":{"line":81,"column":2},"end":{"line":81,"column":49}},"45":{"start":{"line":82,"column":2},"end":{"line":82,"column":35}},"46":{"start":{"line":83,"column":2},"end":{"line":83,"column":29}},"47":{"start":{"line":84,"column":2},"end":{"line":87,"column":3}},"48":{"start":{"line":89,"column":2},"end":{"line":98,"column":5}},"49":{"start":{"line":90,"column":4},"end":{"line":90,"column":34}},"50":{"start":{"line":90,"column":13},"end":{"line":90,"column":34}},"51":{"start":{"line":91,"column":4},"end":{"line":97,"column":7}},"52":{"start":{"line":92,"column":6},"end":{"line":92,"column":36}},"53":{"start":{"line":92,"column":15},"end":{"line":92,"column":36}},"54":{"start":{"line":93,"column":6},"end":{"line":93,"column":32}},"55":{"start":{"line":94,"column":6},"end":{"line":94,"column":20}},"56":{"start":{"line":95,"column":6},"end":{"line":95,"column":30}},"57":{"start":{"line":96,"column":6},"end":{"line":96,"column":26}}},"branchMap":{"1":{"line":46,"type":"if","locations":[{"start":{"line":46,"column":4},"end":{"line":46,"column":4}},{"start":{"line":46,"column":4},"end":{"line":46,"column":4}}]},"2":{"line":54,"type":"if","locations":[{"start":{"line":54,"column":6},"end":{"line":54,"column":6}},{"start":{"line":54,"column":6},"end":{"line":54,"column":6}}]},"3":{"line":90,"type":"if","locations":[{"start":{"line":90,"column":4},"end":{"line":90,"column":4}},{"start":{"line":90,"column":4},"end":{"line":90,"column":4}}]},"4":{"line":92,"type":"if","locations":[{"start":{"line":92,"column":6},"end":{"line":92,"column":6}},{"start":{"line":92,"column":6},"end":{"line":92,"column":6}}]}}},"/home/dmi/projects/p2p-backend/lib/logger.js":{"path":"/home/dmi/projects/p2p-backend/lib/logger.js","s":{"1":1,"2":1,"3":1,"4":3,"5":3,"6":0,"7":3,"8":0,"9":3,"10":1},"b":{"1":[0,3],"2":[0,3]},"f":{"1":3},"fnMap":{"1":{"name":"getLogger","line":4,"loc":{"start":{"line":4,"column":0},"end":{"line":4,"column":42}}}},"statementMap":{"1":{"start":{"line":1,"column":0},"end":{"line":1,"column":33}},"2":{"start":{"line":2,"column":0},"end":{"line":2,"column":48}},"3":{"start":{"line":4,"column":0},"end":{"line":25,"column":1}},"4":{"start":{"line":6,"column":2},"end":{"line":6,"column":22}},"5":{"start":{"line":8,"column":2},"end":{"line":18,"column":3}},"6":{"start":{"line":10,"column":4},"end":{"line":16,"column":6}},"7":{"start":{"line":20,"column":2},"end":{"line":22,"column":3}},"8":{"start":{"line":21,"column":4},"end":{"line":21,"column":60}},"9":{"start":{"line":24,"column":2},"end":{"line":24,"column":58}},"10":{"start":{"line":27,"column":0},"end":{"line":27,"column":27}}},"branchMap":{"1":{"line":8,"type":"if","locations":[{"start":{"line":8,"column":2},"end":{"line":8,"column":2}},{"start":{"line":8,"column":2},"end":{"line":8,"column":2}}]},"2":{"line":20,"type":"if","locations":[{"start":{"line":20,"column":2},"end":{"line":20,"column":2}},{"start":{"line":20,"column":2},"end":{"line":20,"column":2}}]}}},"/home/dmi/projects/p2p-backend/lib/env.js":{"path":"/home/dmi/projects/p2p-backend/lib/env.js","s":{"1":1},"b":{"1":[1,0]},"f":{},"fnMap":{},"statementMap":{"1":{"start":{"line":1,"column":0},"end":{"line":1,"column":81}}},"branchMap":{"1":{"line":1,"type":"binary-expr","locations":[{"start":{"line":1,"column":28},"end":{"line":1,"column":48}},{"start":{"line":1,"column":52},"end":{"line":1,"column":65}}]}}},"/home/dmi/projects/p2p-backend/models/entities.js":{"path":"/home/dmi/projects/p2p-backend/models/entities.js","s":{"1":1,"2":1,"3":1,"4":1,"5":1,"6":1,"7":1,"8":1,"9":1,"10":1,"11":1,"12":1,"13":1,"14":1,"15":1,"16":1,"17":1},"b":{},"f":{},"fnMap":{},"statementMap":{"1":{"start":{"line":1,"column":0},"end":{"line":1,"column":35}},"2":{"start":{"line":2,"column":0},"end":{"line":2,"column":29}},"3":{"start":{"line":4,"column":0},"end":{"line":18,"column":3}},"4":{"start":{"line":19,"column":0},"end":{"line":19,"column":37}},"5":{"start":{"line":20,"column":0},"end":{"line":20,"column":30}},"6":{"start":{"line":21,"column":0},"end":{"line":21,"column":31}},"7":{"start":{"line":22,"column":0},"end":{"line":22,"column":34}},"8":{"start":{"line":24,"column":0},"end":{"line":47,"column":3}},"9":{"start":{"line":48,"column":0},"end":{"line":48,"column":70}},"10":{"start":{"line":49,"column":0},"end":{"line":49,"column":58}},"11":{"start":{"line":50,"column":0},"end":{"line":50,"column":58}},"12":{"start":{"line":51,"column":0},"end":{"line":51,"column":58}},"13":{"start":{"line":53,"column":0},"end":{"line":62,"column":3}},"14":{"start":{"line":64,"column":0},"end":{"line":64,"column":52}},"15":{"start":{"line":65,"column":0},"end":{"line":65,"column":91}},"16":{"start":{"line":66,"column":0},"end":{"line":66,"column":73}},"17":{"start":{"line":68,"column":0},"end":{"line":72,"column":2}}},"branchMap":{}},"/home/dmi/projects/p2p-backend/models/daily-balances.js":{"path":"/home/dmi/projects/p2p-backend/models/daily-balances.js","s":{"1":1,"2":1,"3":1,"4":1,"5":1,"6":1,"7":1,"8":1},"b":{},"f":{},"fnMap":{},"statementMap":{"1":{"start":{"line":1,"column":0},"end":{"line":1,"column":35}},"2":{"start":{"line":2,"column":0},"end":{"line":2,"column":29}},"3":{"start":{"line":4,"column":0},"end":{"line":12,"column":3}},"4":{"start":{"line":13,"column":0},"end":{"line":13,"column":43}},"5":{"start":{"line":14,"column":0},"end":{"line":14,"column":45}},"6":{"start":{"line":15,"column":0},"end":{"line":15,"column":70}},"7":{"start":{"line":17,"column":0},"end":{"line":17,"column":70}},"8":{"start":{"line":19,"column":0},"end":{"line":21,"column":1}}},"branchMap":{}},"/home/dmi/projects/p2p-backend/models/accounts.js":{"path":"/home/dmi/projects/p2p-backend/models/accounts.js","s":{"1":1,"2":1,"3":1,"4":1,"5":1,"6":1,"7":1,"8":1,"9":1,"10":1,"11":1,"12":1,"13":1,"14":1,"15":1,"16":1,"17":1,"18":1,"19":1,"20":1,"21":1,"22":1,"23":1,"24":1,"25":20,"26":20,"27":1,"28":15,"29":1,"30":30,"31":30,"32":1,"33":56,"34":56,"35":56,"36":56,"37":56,"38":56,"39":56,"40":56,"41":56,"42":56,"43":1,"44":4,"45":4,"46":4,"47":3,"48":1,"49":3,"50":3,"51":3,"52":56,"53":56,"54":56,"55":56,"56":56,"57":56,"58":56,"59":56,"60":56,"61":0,"62":1,"63":3,"64":1,"65":56,"66":0,"67":0,"68":56},"b":{"1":[4,26],"2":[56,0],"3":[56,0],"4":[0,56]},"f":{"1":20,"2":15,"3":30,"4":56,"5":56,"6":56,"7":4,"8":56,"9":56,"10":0,"11":3,"12":56},"fnMap":{"1":{"name":"setAccountNumber","line":64,"loc":{"start":{"line":64,"column":0},"end":{"line":64,"column":29}}},"2":{"name":"getAccountNumber","line":74,"loc":{"start":{"line":74,"column":0},"end":{"line":74,"column":28}}},"3":{"name":"getBalance","line":84,"loc":{"start":{"line":84,"column":0},"end":{"line":84,"column":22}}},"4":{"name":"closeOperatingDate","line":96,"loc":{"start":{"line":96,"column":0},"end":{"line":96,"column":47}}},"5":{"name":"(anonymous_5)","line":114,"loc":{"start":{"line":114,"column":4},"end":{"line":114,"column":20}}},"6":{"name":"(anonymous_6)","line":117,"loc":{"start":{"line":117,"column":7},"end":{"line":117,"column":28}}},"7":{"name":"closeOperatingDateForAll","line":124,"loc":{"start":{"line":124,"column":0},"end":{"line":124,"column":53}}},"8":{"name":"(anonymous_8)","line":139,"loc":{"start":{"line":139,"column":15},"end":{"line":139,"column":33}}},"9":{"name":"(anonymous_9)","line":144,"loc":{"start":{"line":144,"column":42},"end":{"line":144,"column":57}}},"10":{"name":"(anonymous_10)","line":150,"loc":{"start":{"line":150,"column":17},"end":{"line":150,"column":31}}},"11":{"name":"done","line":154,"loc":{"start":{"line":154,"column":2},"end":{"line":154,"column":18}}},"12":{"name":"toLog","line":158,"loc":{"start":{"line":158,"column":2},"end":{"line":158,"column":27}}}},"statementMap":{"1":{"start":{"line":1,"column":0},"end":{"line":1,"column":29}},"2":{"start":{"line":2,"column":0},"end":{"line":2,"column":31}},"3":{"start":{"line":3,"column":0},"end":{"line":3,"column":35}},"4":{"start":{"line":4,"column":0},"end":{"line":4,"column":29}},"5":{"start":{"line":6,"column":0},"end":{"line":6,"column":56}},"6":{"start":{"line":7,"column":0},"end":{"line":7,"column":56}},"7":{"start":{"line":8,"column":0},"end":{"line":8,"column":44}},"8":{"start":{"line":9,"column":0},"end":{"line":9,"column":43}},"9":{"start":{"line":11,"column":0},"end":{"line":11,"column":43}},"10":{"start":{"line":12,"column":0},"end":{"line":12,"column":62}},"11":{"start":{"line":13,"column":0},"end":{"line":30,"column":3}},"12":{"start":{"line":31,"column":0},"end":{"line":31,"column":76}},"13":{"start":{"line":32,"column":0},"end":{"line":32,"column":49}},"14":{"start":{"line":33,"column":0},"end":{"line":33,"column":67}},"15":{"start":{"line":35,"column":0},"end":{"line":35,"column":31}},"16":{"start":{"line":36,"column":0},"end":{"line":36,"column":35}},"17":{"start":{"line":37,"column":0},"end":{"line":37,"column":32}},"18":{"start":{"line":38,"column":0},"end":{"line":38,"column":38}},"19":{"start":{"line":39,"column":0},"end":{"line":39,"column":35}},"20":{"start":{"line":40,"column":0},"end":{"line":40,"column":33}},"21":{"start":{"line":42,"column":0},"end":{"line":42,"column":68}},"22":{"start":{"line":43,"column":0},"end":{"line":43,"column":62}},"23":{"start":{"line":49,"column":0},"end":{"line":52,"column":2}},"24":{"start":{"line":64,"column":0},"end":{"line":67,"column":1}},"25":{"start":{"line":65,"column":2},"end":{"line":65,"column":15}},"26":{"start":{"line":66,"column":2},"end":{"line":66,"column":11}},"27":{"start":{"line":74,"column":0},"end":{"line":76,"column":1}},"28":{"start":{"line":75,"column":2},"end":{"line":75,"column":18}},"29":{"start":{"line":84,"column":0},"end":{"line":87,"column":1}},"30":{"start":{"line":85,"column":2},"end":{"line":85,"column":41}},"31":{"start":{"line":86,"column":2},"end":{"line":86,"column":50}},"32":{"start":{"line":96,"column":0},"end":{"line":122,"column":1}},"33":{"start":{"line":97,"column":2},"end":{"line":97,"column":18}},"34":{"start":{"line":98,"column":2},"end":{"line":98,"column":42}},"35":{"start":{"line":99,"column":2},"end":{"line":99,"column":42}},"36":{"start":{"line":101,"column":2},"end":{"line":109,"column":5}},"37":{"start":{"line":111,"column":2},"end":{"line":111,"column":45}},"38":{"start":{"line":113,"column":2},"end":{"line":121,"column":15}},"39":{"start":{"line":115,"column":6},"end":{"line":115,"column":51}},"40":{"start":{"line":116,"column":6},"end":{"line":116,"column":31}},"41":{"start":{"line":118,"column":6},"end":{"line":118,"column":51}},"42":{"start":{"line":119,"column":6},"end":{"line":119,"column":21}},"43":{"start":{"line":124,"column":0},"end":{"line":165,"column":1}},"44":{"start":{"line":125,"column":2},"end":{"line":131,"column":3}},"45":{"start":{"line":126,"column":4},"end":{"line":126,"column":53}},"46":{"start":{"line":127,"column":4},"end":{"line":127,"column":81}},"47":{"start":{"line":128,"column":4},"end":{"line":128,"column":69}},"48":{"start":{"line":130,"column":4},"end":{"line":130,"column":23}},"49":{"start":{"line":133,"column":2},"end":{"line":133,"column":21}},"50":{"start":{"line":134,"column":2},"end":{"line":134,"column":19}},"51":{"start":{"line":135,"column":2},"end":{"line":152,"column":23}},"52":{"start":{"line":140,"column":4},"end":{"line":140,"column":23}},"53":{"start":{"line":141,"column":4},"end":{"line":141,"column":79}},"54":{"start":{"line":142,"column":4},"end":{"line":149,"column":5}},"55":{"start":{"line":143,"column":6},"end":{"line":143,"column":22}},"56":{"start":{"line":144,"column":6},"end":{"line":148,"column":9}},"57":{"start":{"line":145,"column":8},"end":{"line":145,"column":29}},"58":{"start":{"line":145,"column":18},"end":{"line":145,"column":29}},"59":{"start":{"line":146,"column":8},"end":{"line":146,"column":28}},"60":{"start":{"line":147,"column":8},"end":{"line":147,"column":25}},"61":{"start":{"line":151,"column":4},"end":{"line":151,"column":25}},"62":{"start":{"line":154,"column":2},"end":{"line":156,"column":3}},"63":{"start":{"line":155,"column":4},"end":{"line":155,"column":41}},"64":{"start":{"line":158,"column":2},"end":{"line":164,"column":3}},"65":{"start":{"line":159,"column":4},"end":{"line":162,"column":5}},"66":{"start":{"line":160,"column":6},"end":{"line":160,"column":30}},"67":{"start":{"line":161,"column":6},"end":{"line":161,"column":28}},"68":{"start":{"line":163,"column":4},"end":{"line":163,"column":60}}},"branchMap":{"1":{"line":86,"type":"cond-expr","locations":[{"start":{"line":86,"column":33},"end":{"line":86,"column":40}},{"start":{"line":86,"column":41},"end":{"line":86,"column":49}}]},"2":{"line":142,"type":"if","locations":[{"start":{"line":142,"column":4},"end":{"line":142,"column":4}},{"start":{"line":142,"column":4},"end":{"line":142,"column":4}}]},"3":{"line":145,"type":"if","locations":[{"start":{"line":145,"column":8},"end":{"line":145,"column":8}},{"start":{"line":145,"column":8},"end":{"line":145,"column":8}}]},"4":{"line":159,"type":"if","locations":[{"start":{"line":159,"column":4},"end":{"line":159,"column":4}},{"start":{"line":159,"column":4},"end":{"line":159,"column":4}}]}}},"/home/dmi/projects/p2p-backend/models/tools/ensure.js":{"path":"/home/dmi/projects/p2p-backend/models/tools/ensure.js","s":{"1":1,"2":1,"3":96,"4":2,"5":94,"6":1,"7":216,"8":216,"9":216,"10":216,"11":216,"12":216,"13":0},"b":{"1":[2,94],"2":[96,96,96],"3":[94,50],"4":[216,0]},"f":{"1":96,"2":216},"fnMap":{"1":{"name":"ensureId","line":21,"loc":{"start":{"line":21,"column":0},"end":{"line":21,"column":29}}},"2":{"name":"ensureCallback","line":31,"loc":{"start":{"line":31,"column":1},"end":{"line":31,"column":27}}}},"statementMap":{"1":{"start":{"line":5,"column":0},"end":{"line":8,"column":1}},"2":{"start":{"line":21,"column":0},"end":{"line":24,"column":1}},"3":{"start":{"line":22,"column":2},"end":{"line":22,"column":47}},"4":{"start":{"line":22,"column":35},"end":{"line":22,"column":47}},"5":{"start":{"line":23,"column":2},"end":{"line":23,"column":36}},"6":{"start":{"line":31,"column":1},"end":{"line":39,"column":2}},"7":{"start":{"line":32,"column":3},"end":{"line":32,"column":32}},"8":{"start":{"line":33,"column":3},"end":{"line":33,"column":17}},"9":{"start":{"line":34,"column":3},"end":{"line":37,"column":4}},"10":{"start":{"line":35,"column":5},"end":{"line":35,"column":23}},"11":{"start":{"line":36,"column":5},"end":{"line":36,"column":43}},"12":{"start":{"line":36,"column":33},"end":{"line":36,"column":43}},"13":{"start":{"line":38,"column":3},"end":{"line":38,"column":15}}},"branchMap":{"1":{"line":22,"type":"if","locations":[{"start":{"line":22,"column":2},"end":{"line":22,"column":2}},{"start":{"line":22,"column":2},"end":{"line":22,"column":2}}]},"2":{"line":22,"type":"binary-expr","locations":[{"start":{"line":22,"column":6},"end":{"line":22,"column":10}},{"start":{"line":22,"column":14},"end":{"line":22,"column":19}},{"start":{"line":22,"column":23},"end":{"line":22,"column":33}}]},"3":{"line":23,"type":"binary-expr","locations":[{"start":{"line":23,"column":9},"end":{"line":23,"column":22}},{"start":{"line":23,"column":26},"end":{"line":23,"column":35}}]},"4":{"line":36,"type":"if","locations":[{"start":{"line":36,"column":5},"end":{"line":36,"column":5}},{"start":{"line":36,"column":5},"end":{"line":36,"column":5}}]}}},"/home/dmi/projects/p2p-backend/models/account-factories.js":{"path":"/home/dmi/projects/p2p-backend/models/account-factories.js","s":{"1":1,"2":1,"3":1,"4":1,"5":1,"6":1,"7":1,"8":1,"9":1,"10":1,"11":1,"12":1,"13":1,"14":1,"15":1,"16":1,"17":1,"18":1,"19":2,"20":2,"21":2,"22":2,"23":0,"24":2,"25":0,"26":2,"27":2,"28":1,"29":22,"30":1,"31":22,"32":22,"33":22,"34":22,"35":0,"36":22,"37":0,"38":22,"39":1,"40":20,"41":20,"42":60,"43":20,"44":20,"45":108,"46":20,"47":1,"48":40,"49":40,"50":40,"51":40,"52":1,"53":39,"54":19,"55":19,"56":0,"57":19,"58":1,"59":18,"60":18,"61":20,"62":20,"63":20,"64":20,"65":20,"66":20,"67":20,"68":20,"69":20,"70":20,"71":1,"72":20,"73":20,"74":20,"75":1,"76":38,"77":38,"78":38,"79":38,"80":38,"81":19,"82":19},"b":{"1":[0,2],"2":[0,2],"3":[0,22],"4":[0,22],"5":[1,39],"6":[40,38],"7":[19,20],"8":[39,37],"9":[0,19],"10":[1,18],"11":[20,20],"12":[20,20],"13":[20,2],"14":[20,0],"15":[20,19],"16":[20,18],"17":[38,38],"18":[19,19]},"f":{"1":2,"2":2,"3":22,"4":22,"5":22,"6":20,"7":40,"8":19,"9":20,"10":38},"fnMap":{"1":{"name":"preSave","line":47,"loc":{"start":{"line":47,"column":0},"end":{"line":47,"column":23}}},"2":{"name":"(anonymous_2)","line":50,"loc":{"start":{"line":50,"column":61},"end":{"line":50,"column":81}}},"3":{"name":"getNext","line":60,"loc":{"start":{"line":60,"column":0},"end":{"line":60,"column":30}}},"4":{"name":"factory_openAccount","line":67,"loc":{"start":{"line":67,"column":0},"end":{"line":67,"column":42}}},"5":{"name":"(anonymous_5)","line":70,"loc":{"start":{"line":70,"column":31},"end":{"line":70,"column":55}}},"6":{"name":"buildConrtoll","line":79,"loc":{"start":{"line":79,"column":0},"end":{"line":79,"column":25}}},"7":{"name":"openAccount","line":87,"loc":{"start":{"line":87,"column":0},"end":{"line":87,"column":43}}},"8":{"name":"(anonymous_8)","line":99,"loc":{"start":{"line":99,"column":42},"end":{"line":99,"column":64}}},"9":{"name":"generate","line":121,"loc":{"start":{"line":121,"column":0},"end":{"line":121,"column":27}}},"10":{"name":"(anonymous_10)","line":136,"loc":{"start":{"line":136,"column":23},"end":{"line":136,"column":55}}}},"statementMap":{"1":{"start":{"line":1,"column":0},"end":{"line":1,"column":27}},"2":{"start":{"line":2,"column":0},"end":{"line":2,"column":35}},"3":{"start":{"line":3,"column":0},"end":{"line":3,"column":29}},"4":{"start":{"line":4,"column":0},"end":{"line":4,"column":44}},"5":{"start":{"line":5,"column":0},"end":{"line":5,"column":54}},"6":{"start":{"line":7,"column":0},"end":{"line":21,"column":3}},"7":{"start":{"line":23,"column":0},"end":{"line":23,"column":45}},"8":{"start":{"line":24,"column":0},"end":{"line":24,"column":38}},"9":{"start":{"line":25,"column":0},"end":{"line":25,"column":70}},"10":{"start":{"line":26,"column":0},"end":{"line":26,"column":42}},"11":{"start":{"line":27,"column":0},"end":{"line":27,"column":45}},"12":{"start":{"line":28,"column":0},"end":{"line":28,"column":42}},"13":{"start":{"line":30,"column":0},"end":{"line":30,"column":42}},"14":{"start":{"line":31,"column":0},"end":{"line":31,"column":44}},"15":{"start":{"line":32,"column":0},"end":{"line":32,"column":63}},"16":{"start":{"line":33,"column":0},"end":{"line":33,"column":49}},"17":{"start":{"line":39,"column":0},"end":{"line":41,"column":2}},"18":{"start":{"line":47,"column":0},"end":{"line":58,"column":1}},"19":{"start":{"line":48,"column":2},"end":{"line":48,"column":50}},"20":{"start":{"line":49,"column":2},"end":{"line":49,"column":18}},"21":{"start":{"line":50,"column":2},"end":{"line":57,"column":5}},"22":{"start":{"line":51,"column":4},"end":{"line":51,"column":30}},"23":{"start":{"line":51,"column":13},"end":{"line":51,"column":30}},"24":{"start":{"line":52,"column":4},"end":{"line":54,"column":6}},"25":{"start":{"line":52,"column":15},"end":{"line":54,"column":6}},"26":{"start":{"line":55,"column":4},"end":{"line":55,"column":37}},"27":{"start":{"line":56,"column":4},"end":{"line":56,"column":11}},"28":{"start":{"line":60,"column":0},"end":{"line":65,"column":1}},"29":{"start":{"line":61,"column":2},"end":{"line":64,"column":4}},"30":{"start":{"line":67,"column":0},"end":{"line":77,"column":1}},"31":{"start":{"line":68,"column":2},"end":{"line":68,"column":35}},"32":{"start":{"line":68,"column":36},"end":{"line":68,"column":59}},"33":{"start":{"line":70,"column":2},"end":{"line":76,"column":5}},"34":{"start":{"line":71,"column":4},"end":{"line":71,"column":34}},"35":{"start":{"line":71,"column":13},"end":{"line":71,"column":34}},"36":{"start":{"line":72,"column":4},"end":{"line":74,"column":5}},"37":{"start":{"line":73,"column":6},"end":{"line":73,"column":70}},"38":{"start":{"line":75,"column":4},"end":{"line":75,"column":38}},"39":{"start":{"line":79,"column":0},"end":{"line":85,"column":1}},"40":{"start":{"line":80,"column":2},"end":{"line":80,"column":13}},"41":{"start":{"line":81,"column":2},"end":{"line":81,"column":58}},"42":{"start":{"line":81,"column":40},"end":{"line":81,"column":58}},"43":{"start":{"line":82,"column":2},"end":{"line":82,"column":12}},"44":{"start":{"line":83,"column":2},"end":{"line":83,"column":58}},"45":{"start":{"line":83,"column":27},"end":{"line":83,"column":58}},"46":{"start":{"line":84,"column":2},"end":{"line":84,"column":16}},"47":{"start":{"line":87,"column":0},"end":{"line":119,"column":1}},"48":{"start":{"line":88,"column":2},"end":{"line":88,"column":40}},"49":{"start":{"line":89,"column":2},"end":{"line":89,"column":42}},"50":{"start":{"line":90,"column":2},"end":{"line":90,"column":25}},"51":{"start":{"line":92,"column":2},"end":{"line":95,"column":4}},"52":{"start":{"line":92,"column":44},"end":{"line":95,"column":4}},"53":{"start":{"line":98,"column":2},"end":{"line":108,"column":3}},"54":{"start":{"line":99,"column":4},"end":{"line":107,"column":7}},"55":{"start":{"line":100,"column":6},"end":{"line":100,"column":36}},"56":{"start":{"line":100,"column":15},"end":{"line":100,"column":36}},"57":{"start":{"line":101,"column":6},"end":{"line":104,"column":8}},"58":{"start":{"line":101,"column":18},"end":{"line":104,"column":8}},"59":{"start":{"line":105,"column":6},"end":{"line":105,"column":28}},"60":{"start":{"line":106,"column":6},"end":{"line":106,"column":47}},"61":{"start":{"line":109,"column":2},"end":{"line":109,"column":51}},"62":{"start":{"line":110,"column":2},"end":{"line":110,"column":62}},"63":{"start":{"line":111,"column":2},"end":{"line":111,"column":44}},"64":{"start":{"line":112,"column":2},"end":{"line":112,"column":64}},"65":{"start":{"line":113,"column":2},"end":{"line":113,"column":44}},"66":{"start":{"line":114,"column":2},"end":{"line":114,"column":63}},"67":{"start":{"line":115,"column":2},"end":{"line":115,"column":59}},"68":{"start":{"line":116,"column":2},"end":{"line":116,"column":48}},"69":{"start":{"line":117,"column":2},"end":{"line":117,"column":43}},"70":{"start":{"line":118,"column":2},"end":{"line":118,"column":26}},"71":{"start":{"line":121,"column":0},"end":{"line":134,"column":1}},"72":{"start":{"line":122,"column":2},"end":{"line":122,"column":139}},"73":{"start":{"line":123,"column":2},"end":{"line":123,"column":30}},"74":{"start":{"line":124,"column":2},"end":{"line":133,"column":5}},"75":{"start":{"line":136,"column":0},"end":{"line":144,"column":3}},"76":{"start":{"line":137,"column":2},"end":{"line":137,"column":21}},"77":{"start":{"line":138,"column":2},"end":{"line":138,"column":23}},"78":{"start":{"line":139,"column":2},"end":{"line":139,"column":26}},"79":{"start":{"line":140,"column":2},"end":{"line":140,"column":65}},"80":{"start":{"line":142,"column":2},"end":{"line":142,"column":30}},"81":{"start":{"line":142,"column":12},"end":{"line":142,"column":30}},"82":{"start":{"line":143,"column":2},"end":{"line":143,"column":20}}},"branchMap":{"1":{"line":51,"type":"if","locations":[{"start":{"line":51,"column":4},"end":{"line":51,"column":4}},{"start":{"line":51,"column":4},"end":{"line":51,"column":4}}]},"2":{"line":52,"type":"if","locations":[{"start":{"line":52,"column":4},"end":{"line":52,"column":4}},{"start":{"line":52,"column":4},"end":{"line":52,"column":4}}]},"3":{"line":71,"type":"if","locations":[{"start":{"line":71,"column":4},"end":{"line":71,"column":4}},{"start":{"line":71,"column":4},"end":{"line":71,"column":4}}]},"4":{"line":72,"type":"if","locations":[{"start":{"line":72,"column":4},"end":{"line":72,"column":4}},{"start":{"line":72,"column":4},"end":{"line":72,"column":4}}]},"5":{"line":92,"type":"if","locations":[{"start":{"line":92,"column":2},"end":{"line":92,"column":2}},{"start":{"line":92,"column":2},"end":{"line":92,"column":2}}]},"6":{"line":92,"type":"binary-expr","locations":[{"start":{"line":92,"column":6},"end":{"line":92,"column":24}},{"start":{"line":92,"column":28},"end":{"line":92,"column":42}}]},"7":{"line":98,"type":"if","locations":[{"start":{"line":98,"column":2},"end":{"line":98,"column":2}},{"start":{"line":98,"column":2},"end":{"line":98,"column":2}}]},"8":{"line":98,"type":"binary-expr","locations":[{"start":{"line":98,"column":6},"end":{"line":98,"column":19}},{"start":{"line":98,"column":23},"end":{"line":98,"column":41}}]},"9":{"line":100,"type":"if","locations":[{"start":{"line":100,"column":6},"end":{"line":100,"column":6}},{"start":{"line":100,"column":6},"end":{"line":100,"column":6}}]},"10":{"line":101,"type":"if","locations":[{"start":{"line":101,"column":6},"end":{"line":101,"column":6}},{"start":{"line":101,"column":6},"end":{"line":101,"column":6}}]},"11":{"line":110,"type":"binary-expr","locations":[{"start":{"line":110,"column":24},"end":{"line":110,"column":37}},{"start":{"line":110,"column":41},"end":{"line":110,"column":61}}]},"12":{"line":112,"type":"binary-expr","locations":[{"start":{"line":112,"column":27},"end":{"line":112,"column":43}},{"start":{"line":112,"column":47},"end":{"line":112,"column":63}}]},"13":{"line":115,"type":"binary-expr","locations":[{"start":{"line":115,"column":24},"end":{"line":115,"column":50}},{"start":{"line":115,"column":54},"end":{"line":115,"column":58}}]},"14":{"line":116,"type":"binary-expr","locations":[{"start":{"line":116,"column":25},"end":{"line":116,"column":39}},{"start":{"line":116,"column":43},"end":{"line":116,"column":47}}]},"15":{"line":122,"type":"binary-expr","locations":[{"start":{"line":122,"column":11},"end":{"line":122,"column":24}},{"start":{"line":122,"column":28},"end":{"line":122,"column":138}}]},"16":{"line":128,"type":"binary-expr","locations":[{"start":{"line":128,"column":11},"end":{"line":128,"column":24}},{"start":{"line":128,"column":28},"end":{"line":128,"column":46}}]},"17":{"line":140,"type":"binary-expr","locations":[{"start":{"line":140,"column":50},"end":{"line":140,"column":56}},{"start":{"line":140,"column":60},"end":{"line":140,"column":63}}]},"18":{"line":142,"type":"if","locations":[{"start":{"line":142,"column":2},"end":{"line":142,"column":2}},{"start":{"line":142,"column":2},"end":{"line":142,"column":2}}]}}},"/home/dmi/projects/p2p-backend/models/transactions.js":{"path":"/home/dmi/projects/p2p-backend/models/transactions.js","s":{"1":1,"2":1,"3":1,"4":1,"5":1,"6":1,"7":1,"8":1,"9":1,"10":1,"11":1,"12":1,"13":1,"14":1,"15":1,"16":1,"17":1,"18":1,"19":1,"20":1,"21":1,"22":1,"23":1,"24":1,"25":1,"26":66,"27":43,"28":23,"29":23,"30":23,"31":23,"32":23,"33":23,"34":23,"35":23,"36":46,"37":46,"38":46,"39":46,"40":23,"41":46,"42":46,"43":0,"44":46,"45":46,"46":23,"47":0,"48":23,"49":23,"50":23,"51":0,"52":23,"53":0,"54":23,"55":23,"56":23,"57":1,"58":2,"59":2,"60":2,"61":2,"62":1,"63":2,"64":2,"65":2,"66":0,"67":2,"68":2,"69":2,"70":2,"71":0,"72":2,"73":0,"74":2,"75":2,"76":2,"77":0,"78":2,"79":0,"80":2,"81":2,"82":0,"83":2,"84":2,"85":2,"86":2,"87":1,"88":22,"89":22,"90":22,"91":22,"92":19,"93":0,"94":0,"95":2,"96":1,"97":1,"98":6,"99":6,"100":4,"101":6,"102":6,"103":6,"104":6,"105":0,"106":6,"107":2,"108":4,"109":1,"110":19,"111":19,"112":19,"113":19,"114":0,"115":19,"116":1,"117":78,"118":78,"119":1,"120":19,"121":0,"122":19,"123":19,"124":19,"125":0,"126":19,"127":0,"128":19,"129":11,"130":11,"131":3,"132":11,"133":4,"134":15,"135":15,"136":15,"137":0,"138":15,"139":0,"140":15,"141":7,"142":7,"143":0,"144":7,"145":0,"146":15,"147":15,"148":15,"149":15,"150":19,"151":4,"152":15,"153":1,"154":15,"155":0,"156":15,"157":15,"158":15,"159":15,"160":15,"161":15,"162":15,"163":0,"164":15,"165":1,"166":6,"167":6,"168":6,"169":6,"170":6,"171":6,"172":6,"173":6,"174":0,"175":6,"176":1,"177":1,"178":1,"179":1,"180":0,"181":1},"b":{"1":[43,23],"2":[23,0],"3":[23,23,0],"4":[23,0],"5":[23,23],"6":[23,23],"7":[0,46],"8":[0,23],"9":[0,23],"10":[23,23],"11":[0,23],"12":[2,0],"13":[0,2],"14":[0,2],"15":[0,2],"16":[0,2],"17":[0,2],"18":[0,2],"19":[19,0,0,2],"20":[4,2],"21":[6,4],"22":[0,6],"23":[2,4],"24":[4,0],"25":[0,19],"26":[0,19],"27":[0,19],"28":[0,19],"29":[11,8],"30":[3,8],"31":[4,7],"32":[0,15],"33":[0,15],"34":[7,8],"35":[0,7],"36":[0,7],"37":[4,15],"38":[0,15],"39":[0,15],"40":[0,6],"41":[0,1]},"f":{"1":66,"2":46,"3":46,"4":23,"5":2,"6":2,"7":2,"8":2,"9":2,"10":2,"11":2,"12":22,"13":6,"14":6,"15":19,"16":19,"17":78,"18":78,"19":19,"20":19,"21":19,"22":15,"23":15,"24":15,"25":19,"26":15,"27":15,"28":15,"29":15,"30":15,"31":6,"32":6,"33":6,"34":6,"35":6,"36":1,"37":1},"fnMap":{"1":{"name":"preValidate","line":64,"loc":{"start":{"line":64,"column":0},"end":{"line":64,"column":27}}},"2":{"name":"(anonymous_2)","line":79,"loc":{"start":{"line":79,"column":40},"end":{"line":79,"column":60}}},"3":{"name":"(anonymous_3)","line":84,"loc":{"start":{"line":84,"column":11},"end":{"line":84,"column":29}}},"4":{"name":"(anonymous_4)","line":91,"loc":{"start":{"line":91,"column":5},"end":{"line":91,"column":19}}},"5":{"name":"approve","line":107,"loc":{"start":{"line":107,"column":0},"end":{"line":107,"column":27}}},"6":{"name":"cancel","line":115,"loc":{"start":{"line":115,"column":0},"end":{"line":115,"column":26}}},"7":{"name":"(anonymous_7)","line":124,"loc":{"start":{"line":124,"column":4},"end":{"line":124,"column":20}}},"8":{"name":"(anonymous_8)","line":130,"loc":{"start":{"line":130,"column":19},"end":{"line":130,"column":39}}},"9":{"name":"(anonymous_9)","line":136,"loc":{"start":{"line":136,"column":4},"end":{"line":136,"column":20}}},"10":{"name":"(anonymous_10)","line":142,"loc":{"start":{"line":142,"column":19},"end":{"line":142,"column":39}}},"11":{"name":"(anonymous_11)","line":148,"loc":{"start":{"line":148,"column":5},"end":{"line":148,"column":20}}},"12":{"name":"execute","line":158,"loc":{"start":{"line":158,"column":0},"end":{"line":158,"column":27}}},"13":{"name":"tx_fail","line":173,"loc":{"start":{"line":173,"column":2},"end":{"line":173,"column":24}}},"14":{"name":"(anonymous_14)","line":178,"loc":{"start":{"line":178,"column":19},"end":{"line":178,"column":33}}},"15":{"name":"tx_start","line":185,"loc":{"start":{"line":185,"column":2},"end":{"line":185,"column":22}}},"16":{"name":"(anonymous_16)","line":188,"loc":{"start":{"line":188,"column":12},"end":{"line":188,"column":31}}},"17":{"name":"_do","line":194,"loc":{"start":{"line":194,"column":2},"end":{"line":194,"column":21}}},"18":{"name":"(anonymous_18)","line":195,"loc":{"start":{"line":195,"column":11},"end":{"line":195,"column":30}}},"19":{"name":"tx_apply","line":200,"loc":{"start":{"line":200,"column":2},"end":{"line":200,"column":22}}},"20":{"name":"(anonymous_20)","line":203,"loc":{"start":{"line":203,"column":6},"end":{"line":203,"column":22}}},"21":{"name":"(anonymous_21)","line":211,"loc":{"start":{"line":211,"column":21},"end":{"line":211,"column":41}}},"22":{"name":"(anonymous_22)","line":222,"loc":{"start":{"line":222,"column":6},"end":{"line":222,"column":22}}},"23":{"name":"(anonymous_23)","line":230,"loc":{"start":{"line":230,"column":21},"end":{"line":230,"column":41}}},"24":{"name":"(anonymous_24)","line":241,"loc":{"start":{"line":241,"column":6},"end":{"line":241,"column":22}}},"25":{"name":"(anonymous_25)","line":246,"loc":{"start":{"line":246,"column":7},"end":{"line":246,"column":22}}},"26":{"name":"tx_push","line":252,"loc":{"start":{"line":252,"column":2},"end":{"line":252,"column":21}}},"27":{"name":"(anonymous_27)","line":255,"loc":{"start":{"line":255,"column":6},"end":{"line":255,"column":22}}},"28":{"name":"(anonymous_28)","line":263,"loc":{"start":{"line":263,"column":6},"end":{"line":263,"column":22}}},"29":{"name":"(anonymous_29)","line":271,"loc":{"start":{"line":271,"column":6},"end":{"line":271,"column":22}}},"30":{"name":"(anonymous_30)","line":276,"loc":{"start":{"line":276,"column":7},"end":{"line":276,"column":22}}},"31":{"name":"tx_rollback","line":283,"loc":{"start":{"line":283,"column":2},"end":{"line":283,"column":28}}},"32":{"name":"(anonymous_32)","line":286,"loc":{"start":{"line":286,"column":6},"end":{"line":286,"column":22}}},"33":{"name":"(anonymous_33)","line":291,"loc":{"start":{"line":291,"column":6},"end":{"line":291,"column":22}}},"34":{"name":"(anonymous_34)","line":300,"loc":{"start":{"line":300,"column":6},"end":{"line":300,"column":22}}},"35":{"name":"(anonymous_35)","line":309,"loc":{"start":{"line":309,"column":7},"end":{"line":309,"column":22}}},"36":{"name":"approveAndExecute","line":317,"loc":{"start":{"line":317,"column":0},"end":{"line":317,"column":37}}},"37":{"name":"(anonymous_37)","line":319,"loc":{"start":{"line":319,"column":22},"end":{"line":319,"column":36}}}},"statementMap":{"1":{"start":{"line":1,"column":0},"end":{"line":1,"column":29}},"2":{"start":{"line":2,"column":0},"end":{"line":2,"column":35}},"3":{"start":{"line":3,"column":0},"end":{"line":3,"column":29}},"4":{"start":{"line":5,"column":0},"end":{"line":5,"column":83}},"5":{"start":{"line":6,"column":0},"end":{"line":6,"column":56}},"6":{"start":{"line":7,"column":0},"end":{"line":7,"column":44}},"7":{"start":{"line":8,"column":0},"end":{"line":8,"column":58}},"8":{"start":{"line":10,"column":0},"end":{"line":10,"column":105}},"9":{"start":{"line":12,"column":0},"end":{"line":34,"column":3}},"10":{"start":{"line":35,"column":0},"end":{"line":35,"column":41}},"11":{"start":{"line":36,"column":0},"end":{"line":36,"column":44}},"12":{"start":{"line":37,"column":0},"end":{"line":37,"column":45}},"13":{"start":{"line":38,"column":0},"end":{"line":38,"column":46}},"14":{"start":{"line":39,"column":0},"end":{"line":39,"column":37}},"15":{"start":{"line":40,"column":0},"end":{"line":40,"column":39}},"16":{"start":{"line":41,"column":0},"end":{"line":41,"column":46}},"17":{"start":{"line":42,"column":0},"end":{"line":42,"column":78}},"18":{"start":{"line":43,"column":0},"end":{"line":43,"column":56}},"19":{"start":{"line":45,"column":0},"end":{"line":45,"column":47}},"20":{"start":{"line":47,"column":0},"end":{"line":47,"column":44}},"21":{"start":{"line":48,"column":0},"end":{"line":48,"column":42}},"22":{"start":{"line":49,"column":0},"end":{"line":49,"column":44}},"23":{"start":{"line":50,"column":0},"end":{"line":50,"column":64}},"24":{"start":{"line":56,"column":0},"end":{"line":58,"column":2}},"25":{"start":{"line":64,"column":0},"end":{"line":105,"column":1}},"26":{"start":{"line":66,"column":2},"end":{"line":66,"column":33}},"27":{"start":{"line":66,"column":19},"end":{"line":66,"column":33}},"28":{"start":{"line":68,"column":2},"end":{"line":68,"column":42}},"29":{"start":{"line":69,"column":2},"end":{"line":69,"column":30}},"30":{"start":{"line":70,"column":2},"end":{"line":70,"column":18}},"31":{"start":{"line":71,"column":2},"end":{"line":75,"column":3}},"32":{"start":{"line":74,"column":4},"end":{"line":74,"column":52}},"33":{"start":{"line":76,"column":2},"end":{"line":78,"column":3}},"34":{"start":{"line":77,"column":4},"end":{"line":77,"column":54}},"35":{"start":{"line":79,"column":2},"end":{"line":104,"column":5}},"36":{"start":{"line":80,"column":4},"end":{"line":80,"column":24}},"37":{"start":{"line":81,"column":4},"end":{"line":81,"column":31}},"38":{"start":{"line":82,"column":4},"end":{"line":82,"column":42}},"39":{"start":{"line":83,"column":4},"end":{"line":83,"column":52}},"40":{"start":{"line":83,"column":22},"end":{"line":83,"column":52}},"41":{"start":{"line":84,"column":4},"end":{"line":90,"column":7}},"42":{"start":{"line":85,"column":6},"end":{"line":87,"column":8}},"43":{"start":{"line":85,"column":14},"end":{"line":87,"column":8}},"44":{"start":{"line":88,"column":6},"end":{"line":88,"column":22}},"45":{"start":{"line":89,"column":6},"end":{"line":89,"column":11}},"46":{"start":{"line":92,"column":4},"end":{"line":92,"column":30}},"47":{"start":{"line":92,"column":13},"end":{"line":92,"column":30}},"48":{"start":{"line":93,"column":4},"end":{"line":93,"column":57}},"49":{"start":{"line":94,"column":4},"end":{"line":94,"column":58}},"50":{"start":{"line":95,"column":4},"end":{"line":97,"column":6}},"51":{"start":{"line":95,"column":23},"end":{"line":97,"column":6}},"52":{"start":{"line":98,"column":4},"end":{"line":100,"column":6}},"53":{"start":{"line":98,"column":42},"end":{"line":100,"column":6}},"54":{"start":{"line":101,"column":4},"end":{"line":101,"column":53}},"55":{"start":{"line":102,"column":4},"end":{"line":102,"column":56}},"56":{"start":{"line":103,"column":4},"end":{"line":103,"column":11}},"57":{"start":{"line":107,"column":0},"end":{"line":113,"column":1}},"58":{"start":{"line":108,"column":2},"end":{"line":108,"column":51}},"59":{"start":{"line":109,"column":2},"end":{"line":112,"column":3}},"60":{"start":{"line":110,"column":4},"end":{"line":110,"column":29}},"61":{"start":{"line":111,"column":4},"end":{"line":111,"column":31}},"62":{"start":{"line":115,"column":0},"end":{"line":156,"column":1}},"63":{"start":{"line":116,"column":2},"end":{"line":116,"column":16}},"64":{"start":{"line":117,"column":2},"end":{"line":117,"column":51}},"65":{"start":{"line":118,"column":2},"end":{"line":120,"column":4}},"66":{"start":{"line":118,"column":28},"end":{"line":120,"column":4}},"67":{"start":{"line":121,"column":2},"end":{"line":121,"column":42}},"68":{"start":{"line":123,"column":2},"end":{"line":154,"column":5}},"69":{"start":{"line":125,"column":6},"end":{"line":134,"column":9}},"70":{"start":{"line":131,"column":8},"end":{"line":131,"column":34}},"71":{"start":{"line":131,"column":17},"end":{"line":131,"column":34}},"72":{"start":{"line":132,"column":8},"end":{"line":132,"column":103}},"73":{"start":{"line":132,"column":18},"end":{"line":132,"column":103}},"74":{"start":{"line":133,"column":8},"end":{"line":133,"column":15}},"75":{"start":{"line":137,"column":6},"end":{"line":146,"column":9}},"76":{"start":{"line":143,"column":8},"end":{"line":143,"column":34}},"77":{"start":{"line":143,"column":17},"end":{"line":143,"column":34}},"78":{"start":{"line":144,"column":8},"end":{"line":144,"column":103}},"79":{"start":{"line":144,"column":18},"end":{"line":144,"column":103}},"80":{"start":{"line":145,"column":8},"end":{"line":145,"column":15}},"81":{"start":{"line":149,"column":4},"end":{"line":149,"column":34}},"82":{"start":{"line":149,"column":13},"end":{"line":149,"column":34}},"83":{"start":{"line":150,"column":4},"end":{"line":150,"column":28}},"84":{"start":{"line":151,"column":4},"end":{"line":151,"column":35}},"85":{"start":{"line":152,"column":4},"end":{"line":152,"column":33}},"86":{"start":{"line":153,"column":4},"end":{"line":153,"column":32}},"87":{"start":{"line":158,"column":0},"end":{"line":315,"column":1}},"88":{"start":{"line":159,"column":2},"end":{"line":159,"column":42}},"89":{"start":{"line":160,"column":2},"end":{"line":160,"column":16}},"90":{"start":{"line":162,"column":2},"end":{"line":162,"column":51}},"91":{"start":{"line":164,"column":2},"end":{"line":169,"column":3}},"92":{"start":{"line":165,"column":22},"end":{"line":165,"column":40}},"93":{"start":{"line":166,"column":23},"end":{"line":166,"column":41}},"94":{"start":{"line":167,"column":22},"end":{"line":167,"column":39}},"95":{"start":{"line":168,"column":24},"end":{"line":168,"column":45}},"96":{"start":{"line":171,"column":2},"end":{"line":171,"column":88}},"97":{"start":{"line":173,"column":2},"end":{"line":183,"column":3}},"98":{"start":{"line":174,"column":4},"end":{"line":174,"column":23}},"99":{"start":{"line":175,"column":4},"end":{"line":175,"column":48}},"100":{"start":{"line":175,"column":13},"end":{"line":175,"column":48}},"101":{"start":{"line":176,"column":4},"end":{"line":176,"column":46}},"102":{"start":{"line":177,"column":4},"end":{"line":177,"column":33}},"103":{"start":{"line":178,"column":4},"end":{"line":182,"column":7}},"104":{"start":{"line":179,"column":6},"end":{"line":179,"column":40}},"105":{"start":{"line":179,"column":15},"end":{"line":179,"column":40}},"106":{"start":{"line":180,"column":6},"end":{"line":180,"column":62}},"107":{"start":{"line":180,"column":36},"end":{"line":180,"column":62}},"108":{"start":{"line":181,"column":6},"end":{"line":181,"column":64}},"109":{"start":{"line":185,"column":2},"end":{"line":192,"column":3}},"110":{"start":{"line":186,"column":4},"end":{"line":186,"column":26}},"111":{"start":{"line":187,"column":4},"end":{"line":187,"column":33}},"112":{"start":{"line":188,"column":4},"end":{"line":191,"column":7}},"113":{"start":{"line":189,"column":6},"end":{"line":189,"column":35}},"114":{"start":{"line":189,"column":15},"end":{"line":189,"column":35}},"115":{"start":{"line":190,"column":6},"end":{"line":190,"column":24}},"116":{"start":{"line":194,"column":2},"end":{"line":198,"column":3}},"117":{"start":{"line":195,"column":4},"end":{"line":197,"column":6}},"118":{"start":{"line":196,"column":6},"end":{"line":196,"column":23}},"119":{"start":{"line":200,"column":2},"end":{"line":250,"column":3}},"120":{"start":{"line":201,"column":4},"end":{"line":201,"column":39}},"121":{"start":{"line":201,"column":32},"end":{"line":201,"column":39}},"122":{"start":{"line":202,"column":4},"end":{"line":249,"column":7}},"123":{"start":{"line":204,"column":8},"end":{"line":220,"column":11}},"124":{"start":{"line":212,"column":10},"end":{"line":212,"column":36}},"125":{"start":{"line":212,"column":19},"end":{"line":212,"column":36}},"126":{"start":{"line":213,"column":10},"end":{"line":213,"column":90}},"127":{"start":{"line":213,"column":20},"end":{"line":213,"column":90}},"128":{"start":{"line":214,"column":10},"end":{"line":218,"column":11}},"129":{"start":{"line":215,"column":12},"end":{"line":215,"column":49}},"130":{"start":{"line":216,"column":12},"end":{"line":216,"column":58}},"131":{"start":{"line":216,"column":39},"end":{"line":216,"column":58}},"132":{"start":{"line":217,"column":12},"end":{"line":217,"column":88}},"133":{"start":{"line":217,"column":29},"end":{"line":217,"column":88}},"134":{"start":{"line":219,"column":10},"end":{"line":219,"column":17}},"135":{"start":{"line":223,"column":8},"end":{"line":239,"column":11}},"136":{"start":{"line":231,"column":10},"end":{"line":231,"column":36}},"137":{"start":{"line":231,"column":19},"end":{"line":231,"column":36}},"138":{"start":{"line":232,"column":10},"end":{"line":232,"column":91}},"139":{"start":{"line":232,"column":20},"end":{"line":232,"column":91}},"140":{"start":{"line":233,"column":10},"end":{"line":237,"column":11}},"141":{"start":{"line":234,"column":12},"end":{"line":234,"column":49}},"142":{"start":{"line":235,"column":12},"end":{"line":235,"column":58}},"143":{"start":{"line":235,"column":39},"end":{"line":235,"column":58}},"144":{"start":{"line":236,"column":12},"end":{"line":236,"column":89}},"145":{"start":{"line":236,"column":29},"end":{"line":236,"column":89}},"146":{"start":{"line":238,"column":10},"end":{"line":238,"column":17}},"147":{"start":{"line":242,"column":8},"end":{"line":242,"column":30}},"148":{"start":{"line":243,"column":8},"end":{"line":243,"column":37}},"149":{"start":{"line":244,"column":8},"end":{"line":244,"column":27}},"150":{"start":{"line":247,"column":6},"end":{"line":247,"column":39}},"151":{"start":{"line":247,"column":15},"end":{"line":247,"column":39}},"152":{"start":{"line":248,"column":6},"end":{"line":248,"column":16}},"153":{"start":{"line":252,"column":2},"end":{"line":281,"column":3}},"154":{"start":{"line":253,"column":4},"end":{"line":253,"column":39}},"155":{"start":{"line":253,"column":32},"end":{"line":253,"column":39}},"156":{"start":{"line":254,"column":4},"end":{"line":280,"column":6}},"157":{"start":{"line":256,"column":8},"end":{"line":261,"column":22}},"158":{"start":{"line":264,"column":8},"end":{"line":269,"column":22}},"159":{"start":{"line":272,"column":8},"end":{"line":272,"column":27}},"160":{"start":{"line":273,"column":8},"end":{"line":273,"column":37}},"161":{"start":{"line":274,"column":8},"end":{"line":274,"column":27}},"162":{"start":{"line":277,"column":8},"end":{"line":277,"column":42}},"163":{"start":{"line":277,"column":17},"end":{"line":277,"column":42}},"164":{"start":{"line":278,"column":8},"end":{"line":278,"column":27}},"165":{"start":{"line":283,"column":2},"end":{"line":314,"column":3}},"166":{"start":{"line":284,"column":4},"end":{"line":284,"column":27}},"167":{"start":{"line":285,"column":4},"end":{"line":313,"column":6}},"168":{"start":{"line":287,"column":8},"end":{"line":287,"column":32}},"169":{"start":{"line":288,"column":8},"end":{"line":288,"column":37}},"170":{"start":{"line":289,"column":8},"end":{"line":289,"column":27}},"171":{"start":{"line":292,"column":8},"end":{"line":298,"column":22}},"172":{"start":{"line":301,"column":8},"end":{"line":307,"column":22}},"173":{"start":{"line":310,"column":8},"end":{"line":310,"column":42}},"174":{"start":{"line":310,"column":17},"end":{"line":310,"column":42}},"175":{"start":{"line":311,"column":8},"end":{"line":311,"column":37}},"176":{"start":{"line":317,"column":0},"end":{"line":323,"column":1}},"177":{"start":{"line":318,"column":2},"end":{"line":318,"column":18}},"178":{"start":{"line":319,"column":2},"end":{"line":322,"column":4}},"179":{"start":{"line":320,"column":4},"end":{"line":320,"column":34}},"180":{"start":{"line":320,"column":13},"end":{"line":320,"column":34}},"181":{"start":{"line":321,"column":6},"end":{"line":321,"column":29}}},"branchMap":{"1":{"line":66,"type":"if","locations":[{"start":{"line":66,"column":2},"end":{"line":66,"column":2}},{"start":{"line":66,"column":2},"end":{"line":66,"column":2}}]},"2":{"line":71,"type":"if","locations":[{"start":{"line":71,"column":2},"end":{"line":71,"column":2}},{"start":{"line":71,"column":2},"end":{"line":71,"column":2}}]},"3":{"line":71,"type":"binary-expr","locations":[{"start":{"line":71,"column":6},"end":{"line":71,"column":24}},{"start":{"line":72,"column":6},"end":{"line":72,"column":36}},{"start":{"line":73,"column":6},"end":{"line":73,"column":42}}]},"4":{"line":76,"type":"if","locations":[{"start":{"line":76,"column":2},"end":{"line":76,"column":2}},{"start":{"line":76,"column":2},"end":{"line":76,"column":2}}]},"5":{"line":76,"type":"binary-expr","locations":[{"start":{"line":76,"column":6},"end":{"line":76,"column":25}},{"start":{"line":76,"column":29},"end":{"line":76,"column":53}}]},"6":{"line":83,"type":"if","locations":[{"start":{"line":83,"column":4},"end":{"line":83,"column":4}},{"start":{"line":83,"column":4},"end":{"line":83,"column":4}}]},"7":{"line":85,"type":"if","locations":[{"start":{"line":85,"column":6},"end":{"line":85,"column":6}},{"start":{"line":85,"column":6},"end":{"line":85,"column":6}}]},"8":{"line":92,"type":"if","locations":[{"start":{"line":92,"column":4},"end":{"line":92,"column":4}},{"start":{"line":92,"column":4},"end":{"line":92,"column":4}}]},"9":{"line":95,"type":"if","locations":[{"start":{"line":95,"column":4},"end":{"line":95,"column":4}},{"start":{"line":95,"column":4},"end":{"line":95,"column":4}}]},"10":{"line":95,"type":"binary-expr","locations":[{"start":{"line":95,"column":8},"end":{"line":95,"column":12}},{"start":{"line":95,"column":16},"end":{"line":95,"column":21}}]},"11":{"line":98,"type":"if","locations":[{"start":{"line":98,"column":4},"end":{"line":98,"column":4}},{"start":{"line":98,"column":4},"end":{"line":98,"column":4}}]},"12":{"line":109,"type":"if","locations":[{"start":{"line":109,"column":2},"end":{"line":109,"column":2}},{"start":{"line":109,"column":2},"end":{"line":109,"column":2}}]},"13":{"line":118,"type":"if","locations":[{"start":{"line":118,"column":2},"end":{"line":118,"column":2}},{"start":{"line":118,"column":2},"end":{"line":118,"column":2}}]},"14":{"line":131,"type":"if","locations":[{"start":{"line":131,"column":8},"end":{"line":131,"column":8}},{"start":{"line":131,"column":8},"end":{"line":131,"column":8}}]},"15":{"line":132,"type":"if","locations":[{"start":{"line":132,"column":8},"end":{"line":132,"column":8}},{"start":{"line":132,"column":8},"end":{"line":132,"column":8}}]},"16":{"line":143,"type":"if","locations":[{"start":{"line":143,"column":8},"end":{"line":143,"column":8}},{"start":{"line":143,"column":8},"end":{"line":143,"column":8}}]},"17":{"line":144,"type":"if","locations":[{"start":{"line":144,"column":8},"end":{"line":144,"column":8}},{"start":{"line":144,"column":8},"end":{"line":144,"column":8}}]},"18":{"line":149,"type":"if","locations":[{"start":{"line":149,"column":4},"end":{"line":149,"column":4}},{"start":{"line":149,"column":4},"end":{"line":149,"column":4}}]},"19":{"line":164,"type":"switch","locations":[{"start":{"line":165,"column":4},"end":{"line":165,"column":40}},{"start":{"line":166,"column":4},"end":{"line":166,"column":41}},{"start":{"line":167,"column":4},"end":{"line":167,"column":39}},{"start":{"line":168,"column":4},"end":{"line":168,"column":45}}]},"20":{"line":175,"type":"if","locations":[{"start":{"line":175,"column":4},"end":{"line":175,"column":4}},{"start":{"line":175,"column":4},"end":{"line":175,"column":4}}]},"21":{"line":176,"type":"binary-expr","locations":[{"start":{"line":176,"column":16},"end":{"line":176,"column":33}},{"start":{"line":176,"column":37},"end":{"line":176,"column":45}}]},"22":{"line":179,"type":"if","locations":[{"start":{"line":179,"column":6},"end":{"line":179,"column":6}},{"start":{"line":179,"column":6},"end":{"line":179,"column":6}}]},"23":{"line":180,"type":"if","locations":[{"start":{"line":180,"column":6},"end":{"line":180,"column":6}},{"start":{"line":180,"column":6},"end":{"line":180,"column":6}}]},"24":{"line":181,"type":"binary-expr","locations":[{"start":{"line":181,"column":15},"end":{"line":181,"column":23}},{"start":{"line":181,"column":27},"end":{"line":181,"column":58}}]},"25":{"line":189,"type":"if","locations":[{"start":{"line":189,"column":6},"end":{"line":189,"column":6}},{"start":{"line":189,"column":6},"end":{"line":189,"column":6}}]},"26":{"line":201,"type":"if","locations":[{"start":{"line":201,"column":4},"end":{"line":201,"column":4}},{"start":{"line":201,"column":4},"end":{"line":201,"column":4}}]},"27":{"line":212,"type":"if","locations":[{"start":{"line":212,"column":10},"end":{"line":212,"column":10}},{"start":{"line":212,"column":10},"end":{"line":212,"column":10}}]},"28":{"line":213,"type":"if","locations":[{"start":{"line":213,"column":10},"end":{"line":213,"column":10}},{"start":{"line":213,"column":10},"end":{"line":213,"column":10}}]},"29":{"line":214,"type":"if","locations":[{"start":{"line":214,"column":10},"end":{"line":214,"column":10}},{"start":{"line":214,"column":10},"end":{"line":214,"column":10}}]},"30":{"line":216,"type":"if","locations":[{"start":{"line":216,"column":12},"end":{"line":216,"column":12}},{"start":{"line":216,"column":12},"end":{"line":216,"column":12}}]},"31":{"line":217,"type":"if","locations":[{"start":{"line":217,"column":12},"end":{"line":217,"column":12}},{"start":{"line":217,"column":12},"end":{"line":217,"column":12}}]},"32":{"line":231,"type":"if","locations":[{"start":{"line":231,"column":10},"end":{"line":231,"column":10}},{"start":{"line":231,"column":10},"end":{"line":231,"column":10}}]},"33":{"line":232,"type":"if","locations":[{"start":{"line":232,"column":10},"end":{"line":232,"column":10}},{"start":{"line":232,"column":10},"end":{"line":232,"column":10}}]},"34":{"line":233,"type":"if","locations":[{"start":{"line":233,"column":10},"end":{"line":233,"column":10}},{"start":{"line":233,"column":10},"end":{"line":233,"column":10}}]},"35":{"line":235,"type":"if","locations":[{"start":{"line":235,"column":12},"end":{"line":235,"column":12}},{"start":{"line":235,"column":12},"end":{"line":235,"column":12}}]},"36":{"line":236,"type":"if","locations":[{"start":{"line":236,"column":12},"end":{"line":236,"column":12}},{"start":{"line":236,"column":12},"end":{"line":236,"column":12}}]},"37":{"line":247,"type":"if","locations":[{"start":{"line":247,"column":6},"end":{"line":247,"column":6}},{"start":{"line":247,"column":6},"end":{"line":247,"column":6}}]},"38":{"line":253,"type":"if","locations":[{"start":{"line":253,"column":4},"end":{"line":253,"column":4}},{"start":{"line":253,"column":4},"end":{"line":253,"column":4}}]},"39":{"line":277,"type":"if","locations":[{"start":{"line":277,"column":8},"end":{"line":277,"column":8}},{"start":{"line":277,"column":8},"end":{"line":277,"column":8}}]},"40":{"line":310,"type":"if","locations":[{"start":{"line":310,"column":8},"end":{"line":310,"column":8}},{"start":{"line":310,"column":8},"end":{"line":310,"column":8}}]},"41":{"line":320,"type":"if","locations":[{"start":{"line":320,"column":4},"end":{"line":320,"column":4}},{"start":{"line":320,"column":4},"end":{"line":320,"column":4}}]}}},"/home/dmi/projects/p2p-backend/models/plugins/ensure-defaults.js":{"path":"/home/dmi/projects/p2p-backend/models/plugins/ensure-defaults.js","s":{"1":1,"2":1,"3":1,"4":1,"5":0,"6":0,"7":0,"8":0,"9":0,"10":0,"11":0,"12":0,"13":1,"14":66,"15":66,"16":66,"17":1216,"18":1216,"19":0,"20":1216,"21":271,"22":66},"b":{"1":[0,1],"2":[0,0,0],"3":[0,1216],"4":[1216,0],"5":[271,945]},"f":{"1":1,"2":0,"3":0,"4":66},"fnMap":{"1":{"name":"ensureDefaults","line":3,"loc":{"start":{"line":3,"column":0},"end":{"line":3,"column":41}}},"2":{"name":"(anonymous_2)","line":8,"loc":{"start":{"line":8,"column":30},"end":{"line":8,"column":43}}},"3":{"name":"(anonymous_3)","line":9,"loc":{"start":{"line":9,"column":31},"end":{"line":9,"column":44}}},"4":{"name":"(anonymous_4)","line":14,"loc":{"start":{"line":14,"column":25},"end":{"line":14,"column":41}}}},"statementMap":{"1":{"start":{"line":1,"column":0},"end":{"line":1,"column":42}},"2":{"start":{"line":3,"column":0},"end":{"line":27,"column":1}},"3":{"start":{"line":5,"column":2},"end":{"line":5,"column":21}},"4":{"start":{"line":6,"column":2},"end":{"line":12,"column":3}},"5":{"start":{"line":7,"column":4},"end":{"line":11,"column":5}},"6":{"start":{"line":8,"column":20},"end":{"line":8,"column":74}},"7":{"start":{"line":8,"column":45},"end":{"line":8,"column":72}},"8":{"start":{"line":8,"column":75},"end":{"line":8,"column":81}},"9":{"start":{"line":9,"column":21},"end":{"line":9,"column":65}},"10":{"start":{"line":9,"column":45},"end":{"line":9,"column":63}},"11":{"start":{"line":9,"column":66},"end":{"line":9,"column":72}},"12":{"start":{"line":10,"column":15},"end":{"line":10,"column":30}},"13":{"start":{"line":14,"column":2},"end":{"line":25,"column":5}},"14":{"start":{"line":15,"column":4},"end":{"line":15,"column":47}},"15":{"start":{"line":16,"column":4},"end":{"line":16,"column":12}},"16":{"start":{"line":17,"column":4},"end":{"line":23,"column":5}},"17":{"start":{"line":18,"column":6},"end":{"line":18,"column":23}},"18":{"start":{"line":19,"column":6},"end":{"line":19,"column":42}},"19":{"start":{"line":19,"column":33},"end":{"line":19,"column":42}},"20":{"start":{"line":20,"column":6},"end":{"line":22,"column":7}},"21":{"start":{"line":21,"column":8},"end":{"line":21,"column":59}},"22":{"start":{"line":24,"column":4},"end":{"line":24,"column":11}}},"branchMap":{"1":{"line":6,"type":"if","locations":[{"start":{"line":6,"column":2},"end":{"line":6,"column":2}},{"start":{"line":6,"column":2},"end":{"line":6,"column":2}}]},"2":{"line":7,"type":"switch","locations":[{"start":{"line":8,"column":6},"end":{"line":8,"column":81}},{"start":{"line":9,"column":6},"end":{"line":9,"column":72}},{"start":{"line":10,"column":6},"end":{"line":10,"column":30}}]},"3":{"line":19,"type":"if","locations":[{"start":{"line":19,"column":6},"end":{"line":19,"column":6}},{"start":{"line":19,"column":6},"end":{"line":19,"column":6}}]},"4":{"line":19,"type":"binary-expr","locations":[{"start":{"line":19,"column":10},"end":{"line":19,"column":17}},{"start":{"line":19,"column":21},"end":{"line":19,"column":31}}]},"5":{"line":20,"type":"if","locations":[{"start":{"line":20,"column":6},"end":{"line":20,"column":6}},{"start":{"line":20,"column":6},"end":{"line":20,"column":6}}]}}},"/home/dmi/projects/p2p-backend/models/accounting-policies.js":{"path":"/home/dmi/projects/p2p-backend/models/accounting-policies.js","s":{"1":1,"2":1,"3":1,"4":1,"5":1,"6":1,"7":1,"8":1,"9":1,"10":1,"11":20,"12":20,"13":0,"14":20,"15":0,"16":20,"17":20,"18":20,"19":20,"20":20,"21":20,"22":20,"23":20,"24":14,"25":14,"26":30,"27":6,"28":6,"29":20,"30":20,"31":20,"32":16,"33":16,"34":0,"35":16,"36":0,"37":16,"38":16,"39":20},"b":{"1":[0,20],"2":[0,20],"3":[20,0],"4":[14,6],"5":[30,11],"6":[20,9],"7":[0,16],"8":[0,16]},"f":{"1":20,"2":20,"3":30,"4":20,"5":16,"6":16,"7":20},"fnMap":{"1":{"name":"ensureAccounts","line":36,"loc":{"start":{"line":36,"column":0},"end":{"line":36,"column":69}}},"2":{"name":"(anonymous_2)","line":37,"loc":{"start":{"line":37,"column":31},"end":{"line":37,"column":49}}},"3":{"name":"(anonymous_3)","line":52,"loc":{"start":{"line":52,"column":15},"end":{"line":52,"column":27}}},"4":{"name":"(anonymous_4)","line":57,"loc":{"start":{"line":57,"column":15},"end":{"line":57,"column":27}}},"5":{"name":"(anonymous_5)","line":63,"loc":{"start":{"line":63,"column":30},"end":{"line":63,"column":48}}},"6":{"name":"(anonymous_6)","line":68,"loc":{"start":{"line":68,"column":9},"end":{"line":68,"column":32}}},"7":{"name":"(anonymous_7)","line":76,"loc":{"start":{"line":76,"column":7},"end":{"line":76,"column":22}}}},"statementMap":{"1":{"start":{"line":1,"column":0},"end":{"line":1,"column":29}},"2":{"start":{"line":2,"column":0},"end":{"line":2,"column":35}},"3":{"start":{"line":3,"column":0},"end":{"line":3,"column":29}},"4":{"start":{"line":5,"column":0},"end":{"line":5,"column":59}},"5":{"start":{"line":6,"column":0},"end":{"line":15,"column":3}},"6":{"start":{"line":17,"column":0},"end":{"line":17,"column":56}},"7":{"start":{"line":18,"column":0},"end":{"line":18,"column":70}},"8":{"start":{"line":20,"column":0},"end":{"line":22,"column":2}},"9":{"start":{"line":28,"column":0},"end":{"line":30,"column":2}},"10":{"start":{"line":36,"column":0},"end":{"line":80,"column":1}},"11":{"start":{"line":37,"column":2},"end":{"line":79,"column":5}},"12":{"start":{"line":38,"column":4},"end":{"line":38,"column":44}},"13":{"start":{"line":38,"column":13},"end":{"line":38,"column":44}},"14":{"start":{"line":39,"column":4},"end":{"line":42,"column":6}},"15":{"start":{"line":39,"column":12},"end":{"line":42,"column":6}},"16":{"start":{"line":43,"column":4},"end":{"line":43,"column":51}},"17":{"start":{"line":44,"column":4},"end":{"line":44,"column":27}},"18":{"start":{"line":45,"column":4},"end":{"line":45,"column":10}},"19":{"start":{"line":46,"column":4},"end":{"line":46,"column":48}},"20":{"start":{"line":47,"column":4},"end":{"line":47,"column":24}},"21":{"start":{"line":48,"column":4},"end":{"line":48,"column":21}},"22":{"start":{"line":49,"column":4},"end":{"line":49,"column":22}},"23":{"start":{"line":50,"column":4},"end":{"line":61,"column":5}},"24":{"start":{"line":51,"column":6},"end":{"line":51,"column":30}},"25":{"start":{"line":52,"column":6},"end":{"line":54,"column":7}},"26":{"start":{"line":53,"column":8},"end":{"line":53,"column":75}},"27":{"start":{"line":56,"column":6},"end":{"line":56,"column":33}},"28":{"start":{"line":57,"column":6},"end":{"line":60,"column":7}},"29":{"start":{"line":58,"column":8},"end":{"line":59,"column":51}},"30":{"start":{"line":62,"column":4},"end":{"line":62,"column":47}},"31":{"start":{"line":63,"column":4},"end":{"line":78,"column":6}},"32":{"start":{"line":64,"column":6},"end":{"line":75,"column":8}},"33":{"start":{"line":69,"column":8},"end":{"line":69,"column":34}},"34":{"start":{"line":69,"column":17},"end":{"line":69,"column":34}},"35":{"start":{"line":70,"column":8},"end":{"line":72,"column":10}},"36":{"start":{"line":70,"column":22},"end":{"line":72,"column":10}},"37":{"start":{"line":73,"column":8},"end":{"line":73,"column":51}},"38":{"start":{"line":74,"column":8},"end":{"line":74,"column":14}},"39":{"start":{"line":77,"column":6},"end":{"line":77,"column":30}}},"branchMap":{"1":{"line":38,"type":"if","locations":[{"start":{"line":38,"column":4},"end":{"line":38,"column":4}},{"start":{"line":38,"column":4},"end":{"line":38,"column":4}}]},"2":{"line":39,"type":"if","locations":[{"start":{"line":39,"column":4},"end":{"line":39,"column":4}},{"start":{"line":39,"column":4},"end":{"line":39,"column":4}}]},"3":{"line":46,"type":"binary-expr","locations":[{"start":{"line":46,"column":24},"end":{"line":46,"column":41}},{"start":{"line":46,"column":45},"end":{"line":46,"column":47}}]},"4":{"line":50,"type":"if","locations":[{"start":{"line":50,"column":4},"end":{"line":50,"column":4}},{"start":{"line":50,"column":4},"end":{"line":50,"column":4}}]},"5":{"line":53,"type":"binary-expr","locations":[{"start":{"line":53,"column":16},"end":{"line":53,"column":34}},{"start":{"line":53,"column":40},"end":{"line":53,"column":73}}]},"6":{"line":58,"type":"binary-expr","locations":[{"start":{"line":58,"column":16},"end":{"line":58,"column":52}},{"start":{"line":59,"column":16},"end":{"line":59,"column":49}}]},"7":{"line":69,"type":"if","locations":[{"start":{"line":69,"column":8},"end":{"line":69,"column":8}},{"start":{"line":69,"column":8},"end":{"line":69,"column":8}}]},"8":{"line":70,"type":"if","locations":[{"start":{"line":70,"column":8},"end":{"line":70,"column":8}},{"start":{"line":70,"column":8},"end":{"line":70,"column":8}}]}}},"/home/dmi/projects/p2p-backend/models/contracts.js":{"path":"/home/dmi/projects/p2p-backend/models/contracts.js","s":{"1":1,"2":1,"3":1,"4":1,"5":1,"6":1,"7":1,"8":1,"9":1,"10":1,"11":1,"12":1,"13":1,"14":1,"15":1,"16":1,"17":1,"18":1,"19":1,"20":1,"21":1,"22":1,"23":1,"24":1,"25":1,"26":1,"27":1,"28":1,"29":1,"30":1,"31":10,"32":4,"33":6,"34":6,"35":6,"36":6,"37":0,"38":6,"39":1,"40":5,"41":5,"42":1,"43":9,"44":9,"45":9,"46":9,"47":5,"48":4,"49":1,"50":9,"51":4,"52":4,"53":4,"54":9,"55":6,"56":9,"57":3,"58":6,"59":6,"60":1,"61":4,"62":4,"63":1,"64":4,"65":4,"66":4,"67":1,"68":6,"69":6,"70":6,"71":1,"72":13,"73":1,"74":9,"75":9,"76":9,"77":0,"78":0,"79":0,"80":9,"81":1,"82":9,"83":9,"84":0,"85":0,"86":0,"87":0,"88":0,"89":0,"90":0,"91":9,"92":1,"93":4,"94":4,"95":4,"96":4,"97":3,"98":1,"99":1,"100":3,"101":3,"102":3,"103":13,"104":13,"105":13,"106":13,"107":13,"108":13,"109":13,"110":13,"111":0,"112":1,"113":3,"114":1,"115":13,"116":0,"117":13,"118":1,"119":3,"120":3,"121":3,"122":2,"123":1,"124":2,"125":2,"126":2,"127":9,"128":9,"129":9,"130":9,"131":9,"132":9,"133":9,"134":9,"135":0,"136":1,"137":2,"138":1,"139":9,"140":0,"141":9},"b":{"1":[4,6],"2":[0,6],"3":[1,5],"4":[5,4],"5":[1,3],"6":[4,1],"7":[4,5],"8":[9,7],"9":[4,0],"10":[6,3],"11":[3,6],"12":[0,0],"13":[0,9],"14":[0,0],"15":[0,0],"16":[13,0],"17":[13,0],"18":[0,13],"19":[13,4],"20":[9,0],"21":[9,0],"22":[0,9],"23":[9,3]},"f":{"1":10,"2":6,"3":9,"4":6,"5":4,"6":4,"7":6,"8":13,"9":9,"10":9,"11":0,"12":4,"13":13,"14":13,"15":0,"16":3,"17":13,"18":3,"19":9,"20":9,"21":0,"22":2,"23":9},"fnMap":{"1":{"name":"preValidate","line":62,"loc":{"start":{"line":62,"column":0},"end":{"line":62,"column":27}}},"2":{"name":"(anonymous_2)","line":70,"loc":{"start":{"line":70,"column":5},"end":{"line":70,"column":23}}},"3":{"name":"preSave","line":80,"loc":{"start":{"line":80,"column":0},"end":{"line":80,"column":23}}},"4":{"name":"(anonymous_4)","line":100,"loc":{"start":{"line":100,"column":27},"end":{"line":100,"column":41}}},"5":{"name":"populateInstitution","line":104,"loc":{"start":{"line":104,"column":2},"end":{"line":104,"column":33}}},"6":{"name":"defineSettlementPeriod","line":109,"loc":{"start":{"line":109,"column":2},"end":{"line":109,"column":36}}},"7":{"name":"ensureAccounts","line":118,"loc":{"start":{"line":118,"column":2},"end":{"line":118,"column":28}}},"8":{"name":"closeOperatingDate","line":129,"loc":{"start":{"line":129,"column":0},"end":{"line":129,"column":47}}},"9":{"name":"openOperatingDate","line":133,"loc":{"start":{"line":133,"column":0},"end":{"line":133,"column":46}}},"10":{"name":"verifyStartOfPeriod","line":147,"loc":{"start":{"line":147,"column":2},"end":{"line":147,"column":40}}},"11":{"name":"(anonymous_11)","line":151,"loc":{"start":{"line":151,"column":16},"end":{"line":151,"column":38}}},"12":{"name":"closeOperatingDateForAll","line":163,"loc":{"start":{"line":163,"column":0},"end":{"line":163,"column":53}}},"13":{"name":"(anonymous_13)","line":178,"loc":{"start":{"line":178,"column":25},"end":{"line":178,"column":44}}},"14":{"name":"(anonymous_14)","line":182,"loc":{"start":{"line":182,"column":43},"end":{"line":182,"column":58}}},"15":{"name":"(anonymous_15)","line":188,"loc":{"start":{"line":188,"column":17},"end":{"line":188,"column":31}}},"16":{"name":"done","line":192,"loc":{"start":{"line":192,"column":2},"end":{"line":192,"column":18}}},"17":{"name":"toLog","line":196,"loc":{"start":{"line":196,"column":2},"end":{"line":196,"column":27}}},"18":{"name":"openOperatingDateForAll","line":204,"loc":{"start":{"line":204,"column":0},"end":{"line":204,"column":52}}},"19":{"name":"(anonymous_19)","line":218,"loc":{"start":{"line":218,"column":15},"end":{"line":218,"column":34}}},"20":{"name":"(anonymous_20)","line":222,"loc":{"start":{"line":222,"column":42},"end":{"line":222,"column":57}}},"21":{"name":"(anonymous_21)","line":228,"loc":{"start":{"line":228,"column":17},"end":{"line":228,"column":31}}},"22":{"name":"done","line":232,"loc":{"start":{"line":232,"column":2},"end":{"line":232,"column":18}}},"23":{"name":"toLog","line":236,"loc":{"start":{"line":236,"column":2},"end":{"line":236,"column":27}}}},"statementMap":{"1":{"start":{"line":1,"column":0},"end":{"line":1,"column":29}},"2":{"start":{"line":2,"column":0},"end":{"line":2,"column":31}},"3":{"start":{"line":3,"column":0},"end":{"line":3,"column":35}},"4":{"start":{"line":3,"column":36},"end":{"line":3,"column":66}},"5":{"start":{"line":4,"column":0},"end":{"line":4,"column":29}},"6":{"start":{"line":6,"column":0},"end":{"line":6,"column":65}},"7":{"start":{"line":7,"column":0},"end":{"line":7,"column":49}},"8":{"start":{"line":8,"column":0},"end":{"line":8,"column":64}},"9":{"start":{"line":9,"column":0},"end":{"line":9,"column":34}},"10":{"start":{"line":10,"column":0},"end":{"line":10,"column":44}},"11":{"start":{"line":11,"column":0},"end":{"line":11,"column":56}},"12":{"start":{"line":12,"column":0},"end":{"line":12,"column":56}},"13":{"start":{"line":13,"column":0},"end":{"line":13,"column":43}},"14":{"start":{"line":15,"column":0},"end":{"line":15,"column":51}},"15":{"start":{"line":16,"column":0},"end":{"line":31,"column":3}},"16":{"start":{"line":32,"column":0},"end":{"line":32,"column":69}},"17":{"start":{"line":34,"column":0},"end":{"line":34,"column":41}},"18":{"start":{"line":35,"column":0},"end":{"line":35,"column":41}},"19":{"start":{"line":36,"column":0},"end":{"line":36,"column":35}},"20":{"start":{"line":37,"column":0},"end":{"line":37,"column":57}},"21":{"start":{"line":38,"column":0},"end":{"line":38,"column":54}},"22":{"start":{"line":40,"column":0},"end":{"line":40,"column":44}},"23":{"start":{"line":41,"column":0},"end":{"line":41,"column":36}},"24":{"start":{"line":43,"column":0},"end":{"line":43,"column":63}},"25":{"start":{"line":44,"column":0},"end":{"line":44,"column":61}},"26":{"start":{"line":45,"column":0},"end":{"line":45,"column":69}},"27":{"start":{"line":46,"column":0},"end":{"line":46,"column":67}},"28":{"start":{"line":48,"column":0},"end":{"line":48,"column":58}},"29":{"start":{"line":54,"column":0},"end":{"line":56,"column":1}},"30":{"start":{"line":62,"column":0},"end":{"line":78,"column":1}},"31":{"start":{"line":64,"column":2},"end":{"line":64,"column":34}},"32":{"start":{"line":64,"column":20},"end":{"line":64,"column":34}},"33":{"start":{"line":65,"column":2},"end":{"line":65,"column":18}},"34":{"start":{"line":66,"column":2},"end":{"line":66,"column":42}},"35":{"start":{"line":67,"column":2},"end":{"line":77,"column":5}},"36":{"start":{"line":71,"column":4},"end":{"line":71,"column":30}},"37":{"start":{"line":71,"column":13},"end":{"line":71,"column":30}},"38":{"start":{"line":72,"column":4},"end":{"line":74,"column":6}},"39":{"start":{"line":72,"column":12},"end":{"line":74,"column":6}},"40":{"start":{"line":75,"column":4},"end":{"line":75,"column":32}},"41":{"start":{"line":76,"column":4},"end":{"line":76,"column":11}},"42":{"start":{"line":80,"column":0},"end":{"line":127,"column":1}},"43":{"start":{"line":81,"column":2},"end":{"line":81,"column":19}},"44":{"start":{"line":82,"column":2},"end":{"line":82,"column":18}},"45":{"start":{"line":83,"column":2},"end":{"line":83,"column":19}},"46":{"start":{"line":85,"column":2},"end":{"line":89,"column":3}},"47":{"start":{"line":86,"column":4},"end":{"line":86,"column":23}},"48":{"start":{"line":87,"column":9},"end":{"line":89,"column":3}},"49":{"start":{"line":88,"column":4},"end":{"line":88,"column":25}},"50":{"start":{"line":91,"column":2},"end":{"line":94,"column":3}},"51":{"start":{"line":92,"column":4},"end":{"line":92,"column":75}},"52":{"start":{"line":92,"column":41},"end":{"line":92,"column":75}},"53":{"start":{"line":93,"column":4},"end":{"line":93,"column":41}},"54":{"start":{"line":96,"column":2},"end":{"line":96,"column":42}},"55":{"start":{"line":96,"column":13},"end":{"line":96,"column":42}},"56":{"start":{"line":98,"column":2},"end":{"line":98,"column":37}},"57":{"start":{"line":98,"column":23},"end":{"line":98,"column":37}},"58":{"start":{"line":100,"column":2},"end":{"line":102,"column":5}},"59":{"start":{"line":101,"column":4},"end":{"line":101,"column"
[...]
":58}},"26":{"start":{"line":40,"column":6},"end":{"line":40,"column":54}}},"branchMap":{"1":{"line":8,"type":"if","locations":[{"start":{"line":8,"column":2},"end":{"line":8,"column":2}},{"start":{"line":8,"column":2},"end":{"line":8,"column":2}}]},"2":{"line":16,"type":"binary-expr","locations":[{"start":{"line":16,"column":16},"end":{"line":16,"column":23}},{"start":{"line":16,"column":27},"end":{"line":16,"column":41}}]},"3":{"line":18,"type":"binary-expr","locations":[{"start":{"line":18,"column":16},"end":{"line":18,"column":23}},{"start":{"line":18,"column":27},"end":{"line":18,"column":38}}]},"4":{"line":20,"type":"if","locations":[{"start":{"line":20,"column":6},"end":{"line":20,"column":6}},{"start":{"line":20,"column":6},"end":{"line":20,"column":6}}]},"5":{"line":33,"type":"if","locations":[{"start":{"line":33,"column":6},"end":{"line":33,"column":6}},{"start":{"line":33,"column":6},"end":{"line":33,"column":6}}]},"6":{"line":34,"type":"if","locations":[{"start":{"line":34,"column":8},"end":{"line":34,"column":8}},{"start":{"line":34,"column":8},"end":{"line":34,"column":8}}]},"7":{"line":37,"type":"if","locations":[{"start":{"line":37,"column":6},"end":{"line":37,"column":6}},{"start":{"line":37,"column":6},"end":{"line":37,"column":6}}]},"8":{"line":40,"type":"binary-expr","locations":[{"start":{"line":40,"column":13},"end":{"line":40,"column":21}},{"start":{"line":40,"column":25},"end":{"line":40,"column":45}},{"start":{"line":40,"column":49},"end":{"line":40,"column":53}}]}}},"/home/dmi/projects/p2p-backend/models/current-account/products.js":{"path":"/home/dmi/projects/p2p-backend/models/current-account/products.js","s":{"1":1,"2":1,"3":1,"4":1,"5":1,"6":1,"7":1},"b":{},"f":{},"fnMap":{},"statementMap":{"1":{"start":{"line":1,"column":0},"end":{"line":1,"column":35}},"2":{"start":{"line":2,"column":0},"end":{"line":2,"column":29}},"3":{"start":{"line":3,"column":0},"end":{"line":3,"column":45}},"4":{"start":{"line":4,"column":0},"end":{"line":4,"column":45}},"5":{"start":{"line":6,"column":0},"end":{"line":16,"column":3}},"6":{"start":{"line":18,"column":0},"end":{"line":20,"column":2}},"7":{"start":{"line":22,"column":0},"end":{"line":25,"column":1}}},"branchMap":{}},"/home/dmi/projects/p2p-backend/models/fees.js":{"path":"/home/dmi/projects/p2p-backend/models/fees.js","s":{"1":1,"2":1,"3":1,"4":1,"5":1,"6":1,"7":8,"8":8,"9":8,"10":0,"11":8,"12":6,"13":8,"14":0,"15":8,"16":0,"17":8,"18":1,"19":8,"20":8,"21":8,"22":0,"23":8},"b":{"1":[0,8],"2":[6,2],"3":[0,8],"4":[0,0],"5":[0,8],"6":[0,0],"7":[8,0],"8":[8,5],"9":[0,8]},"f":{"1":8,"2":8},"fnMap":{"1":{"name":"calculateFee","line":17,"loc":{"start":{"line":17,"column":0},"end":{"line":17,"column":28}}},"2":{"name":"ensureProductRound","line":27,"loc":{"start":{"line":27,"column":0},"end":{"line":27,"column":38}}}},"statementMap":{"1":{"start":{"line":1,"column":0},"end":{"line":1,"column":35}},"2":{"start":{"line":2,"column":0},"end":{"line":2,"column":29}},"3":{"start":{"line":4,"column":0},"end":{"line":9,"column":36}},"4":{"start":{"line":11,"column":0},"end":{"line":11,"column":43}},"5":{"start":{"line":13,"column":0},"end":{"line":15,"column":1}},"6":{"start":{"line":17,"column":0},"end":{"line":25,"column":1}},"7":{"start":{"line":18,"column":2},"end":{"line":18,"column":49}},"8":{"start":{"line":19,"column":2},"end":{"line":19,"column":17}},"9":{"start":{"line":20,"column":2},"end":{"line":20,"column":35}},"10":{"start":{"line":20,"column":18},"end":{"line":20,"column":35}},"11":{"start":{"line":21,"column":2},"end":{"line":21,"column":59}},"12":{"start":{"line":21,"column":17},"end":{"line":21,"column":59}},"13":{"start":{"line":22,"column":2},"end":{"line":22,"column":63}},"14":{"start":{"line":22,"column":16},"end":{"line":22,"column":63}},"15":{"start":{"line":23,"column":2},"end":{"line":23,"column":63}},"16":{"start":{"line":23,"column":16},"end":{"line":23,"column":63}},"17":{"start":{"line":24,"column":2},"end":{"line":24,"column":16}},"18":{"start":{"line":27,"column":0},"end":{"line":32,"column":1}},"19":{"start":{"line":28,"column":2},"end":{"line":28,"column":26}},"20":{"start":{"line":29,"column":2},"end":{"line":29,"column":46}},"21":{"start":{"line":30,"column":2},"end":{"line":30,"column":71}},"22":{"start":{"line":30,"column":44},"end":{"line":30,"column":71}},"23":{"start":{"line":31,"column":2},"end":{"line":31,"column":17}}},"branchMap":{"1":{"line":20,"type":"if","locations":[{"start":{"line":20,"column":2},"end":{"line":20,"column":2}},{"start":{"line":20,"column":2},"end":{"line":20,"column":2}}]},"2":{"line":21,"type":"if","locations":[{"start":{"line":21,"column":2},"end":{"line":21,"column":2}},{"start":{"line":21,"column":2},"end":{"line":21,"column":2}}]},"3":{"line":22,"type":"if","locations":[{"start":{"line":22,"column":2},"end":{"line":22,"column":2}},{"start":{"line":22,"column":2},"end":{"line":22,"column":2}}]},"4":{"line":22,"type":"cond-expr","locations":[{"start":{"line":22,"column":45},"end":{"line":22,"column":51}},{"start":{"line":22,"column":54},"end":{"line":22,"column":62}}]},"5":{"line":23,"type":"if","locations":[{"start":{"line":23,"column":2},"end":{"line":23,"column":2}},{"start":{"line":23,"column":2},"end":{"line":23,"column":2}}]},"6":{"line":23,"type":"cond-expr","locations":[{"start":{"line":23,"column":45},"end":{"line":23,"column":51}},{"start":{"line":23,"column":54},"end":{"line":23,"column":62}}]},"7":{"line":28,"type":"binary-expr","locations":[{"start":{"line":28,"column":12},"end":{"line":28,"column":19}},{"start":{"line":28,"column":23},"end":{"line":28,"column":25}}]},"8":{"line":29,"type":"binary-expr","locations":[{"start":{"line":29,"column":18},"end":{"line":29,"column":31}},{"start":{"line":29,"column":35},"end":{"line":29,"column":45}}]},"9":{"line":30,"type":"if","locations":[{"start":{"line":30,"column":2},"end":{"line":30,"column":2}},{"start":{"line":30,"column":2},"end":{"line":30,"column":2}}]}}},"/home/dmi/projects/p2p-backend/models/current-account/transactions.js":{"path":"/home/dmi/projects/p2p-backend/models/current-account/transactions.js","s":{"1":1,"2":1,"3":1,"4":1,"5":1,"6":1,"7":1,"8":1,"9":1,"10":1,"11":1,"12":1,"13":1,"14":3,"15":1,"16":1,"17":1,"18":1,"19":1,"20":1,"21":1,"22":0,"23":0,"24":1,"25":1,"26":1,"27":1,"28":1,"29":6},"b":{},"f":{"1":3,"2":0,"3":6},"fnMap":{"1":{"name":"(anonymous_1)","line":30,"loc":{"start":{"line":30,"column":55},"end":{"line":30,"column":68}}},"2":{"name":"(anonymous_2)","line":60,"loc":{"start":{"line":60,"column":44},"end":{"line":60,"column":60}}},"3":{"name":"$","line":86,"loc":{"start":{"line":86,"column":0},"end":{"line":86,"column":17}}}},"statementMap":{"1":{"start":{"line":1,"column":0},"end":{"line":1,"column":35}},"2":{"start":{"line":2,"column":0},"end":{"line":2,"column":29}},"3":{"start":{"line":3,"column":0},"end":{"line":3,"column":57}},"4":{"start":{"line":4,"column":0},"end":{"line":4,"column":55}},"5":{"start":{"line":5,"column":0},"end":{"line":5,"column":47}},"6":{"start":{"line":6,"column":0},"end":{"line":6,"column":45}},"7":{"start":{"line":7,"column":0},"end":{"line":7,"column":55}},"8":{"start":{"line":9,"column":0},"end":{"line":14,"column":3}},"9":{"start":{"line":15,"column":0},"end":{"line":15,"column":74}},"10":{"start":{"line":17,"column":0},"end":{"line":19,"column":2}},"11":{"start":{"line":21,"column":0},"end":{"line":28,"column":3}},"12":{"start":{"line":29,"column":0},"end":{"line":29,"column":81}},"13":{"start":{"line":30,"column":0},"end":{"line":32,"column":3}},"14":{"start":{"line":31,"column":2},"end":{"line":31,"column":29}},"15":{"start":{"line":34,"column":0},"end":{"line":36,"column":2}},"16":{"start":{"line":38,"column":0},"end":{"line":44,"column":3}},"17":{"start":{"line":45,"column":0},"end":{"line":45,"column":76}},"18":{"start":{"line":46,"column":0},"end":{"line":49,"column":3}},"19":{"start":{"line":51,"column":0},"end":{"line":53,"column":2}},"20":{"start":{"line":55,"column":0},"end":{"line":58,"column":3}},"21":{"start":{"line":60,"column":0},"end":{"line":63,"column":3}},"22":{"start":{"line":61,"column":2},"end":{"line":61,"column":79}},"23":{"start":{"line":62,"column":2},"end":{"line":62,"column":9}},"24":{"start":{"line":65,"column":0},"end":{"line":68,"column":3}},"25":{"start":{"line":70,"column":0},"end":{"line":72,"column":2}},"26":{"start":{"line":74,"column":0},"end":{"line":76,"column":2}},"27":{"start":{"line":78,"column":0},"end":{"line":84,"column":2}},"28":{"start":{"line":86,"column":0},"end":{"line":88,"column":1}},"29":{"start":{"line":87,"column":2},"end":{"line":87,"column":50}}},"branchMap":{}},"/home/dmi/projects/p2p-backend/models/plugins/base-contract.js":{"path":"/home/dmi/projects/p2p-backend/models/plugins/base-contract.js","s":{"1":1,"2":1,"3":1,"4":1,"5":1,"6":3,"7":3,"8":3,"9":3,"10":0,"11":3,"12":3,"13":3,"14":14,"15":14,"16":3,"17":0,"18":0,"19":0,"20":0,"21":0},"b":{"1":[3,0],"2":[3,0],"3":[3,0],"4":[0,0],"5":[0,0]},"f":{"1":3,"2":14,"3":0},"fnMap":{"1":{"name":"baseContract","line":7,"loc":{"start":{"line":7,"column":0},"end":{"line":7,"column":39}}},"2":{"name":"(anonymous_2)","line":20,"loc":{"start":{"line":20,"column":34},"end":{"line":20,"column":47}}},"3":{"name":"(anonymous_3)","line":24,"loc":{"start":{"line":24,"column":30},"end":{"line":24,"column":42}}}},"statementMap":{"1":{"start":{"line":1,"column":0},"end":{"line":1,"column":35}},"2":{"start":{"line":2,"column":0},"end":{"line":2,"column":29}},"3":{"start":{"line":3,"column":0},"end":{"line":3,"column":31}},"4":{"start":{"line":5,"column":0},"end":{"line":5,"column":40}},"5":{"start":{"line":7,"column":0},"end":{"line":31,"column":1}},"6":{"start":{"line":8,"column":2},"end":{"line":8,"column":26}},"7":{"start":{"line":9,"column":2},"end":{"line":9,"column":42}},"8":{"start":{"line":10,"column":2},"end":{"line":14,"column":3}},"9":{"start":{"line":11,"column":4},"end":{"line":11,"column":28}},"10":{"start":{"line":13,"column":4},"end":{"line":13,"column":42}},"11":{"start":{"line":15,"column":2},"end":{"line":15,"column":39}},"12":{"start":{"line":16,"column":2},"end":{"line":19,"column":5}},"13":{"start":{"line":20,"column":2},"end":{"line":23,"column":5}},"14":{"start":{"line":21,"column":4},"end":{"line":21,"column":58}},"15":{"start":{"line":22,"column":4},"end":{"line":22,"column":13}},"16":{"start":{"line":24,"column":2},"end":{"line":29,"column":5}},"17":{"start":{"line":25,"column":4},"end":{"line":25,"column":33}},"18":{"start":{"line":26,"column":4},"end":{"line":26,"column":28}},"19":{"start":{"line":27,"column":4},"end":{"line":27,"column":67}},"20":{"start":{"line":27,"column":41},"end":{"line":27,"column":67}},"21":{"start":{"line":28,"column":4},"end":{"line":28,"column":26}}},"branchMap":{"1":{"line":8,"type":"binary-expr","locations":[{"start":{"line":8,"column":12},"end":{"line":8,"column":19}},{"start":{"line":8,"column":23},"end":{"line":8,"column":25}}]},"2":{"line":9,"type":"binary-expr","locations":[{"start":{"line":9,"column":16},"end":{"line":9,"column":27}},{"start":{"line":9,"column":31},"end":{"line":9,"column":41}}]},"3":{"line":10,"type":"if","locations":[{"start":{"line":10,"column":2},"end":{"line":10,"column":2}},{"start":{"line":10,"column":2},"end":{"line":10,"column":2}}]},"4":{"line":26,"type":"binary-expr","locations":[{"start":{"line":26,"column":11},"end":{"line":26,"column":19}},{"start":{"line":26,"column":23},"end":{"line":26,"column":27}}]},"5":{"line":27,"type":"if","locations":[{"start":{"line":27,"column":4},"end":{"line":27,"column":4}},{"start":{"line":27,"column":4},"end":{"line":27,"column":4}}]}}},"/home/dmi/projects/p2p-backend/models/plugins/trans-fee.js":{"path":"/home/dmi/projects/p2p-backend/models/plugins/trans-fee.js","s":{"1":1,"2":1,"3":1,"4":1,"5":1,"6":1,"7":1,"8":1,"9":1,"10":0,"11":0,"12":1,"13":1,"14":1,"15":1,"16":1,"17":1,"18":1,"19":1,"20":1,"21":5,"22":5,"23":5,"24":5,"25":5,"26":5,"27":3,"28":2,"29":1,"30":5,"31":5,"32":5,"33":0,"34":5,"35":5,"36":1,"37":5,"38":5,"39":3,"40":3,"41":2,"42":1,"43":4,"44":4,"45":2,"46":4,"47":1,"48":3,"49":3,"50":2,"51":1,"52":1,"53":1,"54":0,"55":1},"b":{"1":[0,1],"2":[3,2],"3":[0,5],"4":[3,2],"5":[2,2],"6":[2,1],"7":[3,2],"8":[0,1]},"f":{"1":1,"2":1,"3":5,"4":5,"5":5,"6":5,"7":4,"8":3,"9":1},"fnMap":{"1":{"name":"transFeeFactory","line":8,"loc":{"start":{"line":8,"column":0},"end":{"line":8,"column":42}}},"2":{"name":"execWithFee","line":28,"loc":{"start":{"line":28,"column":0},"end":{"line":28,"column":37}}},"3":{"name":"(anonymous_3)","line":32,"loc":{"start":{"line":32,"column":9},"end":{"line":32,"column":21}}},"4":{"name":"(anonymous_4)","line":42,"loc":{"start":{"line":42,"column":7},"end":{"line":42,"column":21}}},"5":{"name":"calculateFee","line":47,"loc":{"start":{"line":47,"column":4},"end":{"line":47,"column":28}}},"6":{"name":"transactFee","line":55,"loc":{"start":{"line":55,"column":4},"end":{"line":55,"column":27}}},"7":{"name":"transact","line":70,"loc":{"start":{"line":70,"column":4},"end":{"line":70,"column":24}}},"8":{"name":"rollback_fee","line":76,"loc":{"start":{"line":76,"column":4},"end":{"line":76,"column":31}}},"9":{"name":"(anonymous_9)","line":81,"loc":{"start":{"line":81,"column":25},"end":{"line":81,"column":41}}}},"statementMap":{"1":{"start":{"line":1,"column":0},"end":{"line":1,"column":29}},"2":{"start":{"line":2,"column":0},"end":{"line":2,"column":35}},"3":{"start":{"line":3,"column":0},"end":{"line":3,"column":29}},"4":{"start":{"line":4,"column":0},"end":{"line":4,"column":57}},"5":{"start":{"line":6,"column":0},"end":{"line":6,"column":43}},"6":{"start":{"line":8,"column":0},"end":{"line":25,"column":1}},"7":{"start":{"line":10,"column":2},"end":{"line":10,"column":16}},"8":{"start":{"line":11,"column":2},"end":{"line":11,"column":12}},"9":{"start":{"line":12,"column":2},"end":{"line":18,"column":3}},"10":{"start":{"line":13,"column":4},"end":{"line":13,"column":30}},"11":{"start":{"line":14,"column":4},"end":{"line":14,"column":38}},"12":{"start":{"line":16,"column":4},"end":{"line":16,"column":26}},"13":{"start":{"line":17,"column":4},"end":{"line":17,"column":40}},"14":{"start":{"line":19,"column":2},"end":{"line":21,"column":5}},"15":{"start":{"line":22,"column":2},"end":{"line":22,"column":38}},"16":{"start":{"line":23,"column":2},"end":{"line":23,"column":60}},"17":{"start":{"line":28,"column":0},"end":{"line":90,"column":1}},"18":{"start":{"line":29,"column":2},"end":{"line":29,"column":50}},"19":{"start":{"line":30,"column":2},"end":{"line":30,"column":62}},"20":{"start":{"line":32,"column":2},"end":{"line":89,"column":3}},"21":{"start":{"line":33,"column":4},"end":{"line":33,"column":57}},"22":{"start":{"line":34,"column":4},"end":{"line":34,"column":20}},"23":{"start":{"line":35,"column":4},"end":{"line":35,"column":16}},"24":{"start":{"line":36,"column":4},"end":{"line":36,"column":20}},"25":{"start":{"line":38,"column":4},"end":{"line":45,"column":7}},"26":{"start":{"line":43,"column":6},"end":{"line":43,"column":50}},"27":{"start":{"line":43,"column":15},"end":{"line":43,"column":50}},"28":{"start":{"line":44,"column":6},"end":{"line":44,"column":57}},"29":{"start":{"line":47,"column":4},"end":{"line":53,"column":5}},"30":{"start":{"line":48,"column":6},"end":{"line":48,"column":55}},"31":{"start":{"line":49,"column":6},"end":{"line":49,"column":37}},"32":{"start":{"line":50,"column":6},"end":{"line":50,"column":33}},"33":{"start":{"line":50,"column":19},"end":{"line":50,"column":33}},"34":{"start":{"line":51,"column":6},"end":{"line":51,"column":42}},"35":{"start":{"line":52,"column":6},"end":{"line":52,"column":20}},"36":{"start":{"line":55,"column":4},"end":{"line":68,"column":5}},"37":{"start":{"line":56,"column":6},"end":{"line":56,"column":55}},"38":{"start":{"line":57,"column":6},"end":{"line":66,"column":7}},"39":{"start":{"line":58,"column":8},"end":{"line":64,"column":11}},"40":{"start":{"line":65,"column":8},"end":{"line":65,"column":34}},"41":{"start":{"line":67,"column":6},"end":{"line":67,"column":20}},"42":{"start":{"line":70,"column":4},"end":{"line":74,"column":5}},"43":{"start":{"line":71,"column":6},"end":{"line":71,"column":55}},"44":{"start":{"line":72,"column":6},"end":{"line":72,"column":32}},"45":{"start":{"line":72,"column":16},"end":{"line":72,"column":32}},"46":{"start":{"line":73,"column":6},"end":{"line":73,"column":42}},"47":{"start":{"line":76,"column":4},"end":{"line":87,"column":5}},"48":{"start":{"line":77,"column":6},"end":{"line":77,"column":55}},"49":{"start":{"line":78,"column":6},"end":{"line":78,"column":60}},"50":{"start":{"line":78,"column":43},"end":{"line":78,"column":60}},"51":{"start":{"line":80,"column":6},"end":{"line":80,"column":42}},"52":{"start":{"line":81,"column":6},"end":{"line":86,"column":9}},"53":{"start":{"line":82,"column":8},"end":{"line":84,"column":10}},"54":{"start":{"line":82,"column":19},"end":{"line":84,"column":10}},"55":{"start":{"line":85,"column":8},"end":{"line":85,"column":25}}},"branchMap":{"1":{"line":12,"type":"if","locations":[{"start":{"line":12,"column":2},"end":{"line":12,"column":2}},{"start":{"line":12,"column":2},"end":{"line":12,"column":2}}]},"2":{"line":43,"type":"if","locations":[{"start":{"line":43,"column":6},"end":{"line":43,"column":6}},{"start":{"line":43,"column":6},"end":{"line":43,"column":6}}]},"3":{"line":50,"type":"if","locations":[{"start":{"line":50,"column":6},"end":{"line":50,"column":6}},{"start":{"line":50,"column":6},"end":{"line":50,"column":6}}]},"4":{"line":57,"type":"if","locations":[{"start":{"line":57,"column":6},"end":{"line":57,"column":6}},{"start":{"line":57,"column":6},"end":{"line":57,"column":6}}]},"5":{"line":72,"type":"if","locations":[{"start":{"line":72,"column":6},"end":{"line":72,"column":6}},{"start":{"line":72,"column":6},"end":{"line":72,"column":6}}]},"6":{"line":78,"type":"if","locations":[{"start":{"line":78,"column":6},"end":{"line":78,"column":6}},{"start":{"line":78,"column":6},"end":{"line":78,"column":6}}]},"7":{"line":78,"type":"binary-expr","locations":[{"start":{"line":78,"column":10},"end":{"line":78,"column":15}},{"start":{"line":78,"column":19},"end":{"line":78,"column":41}}]},"8":{"line":82,"type":"if","locations":[{"start":{"line":82,"column":8},"end":{"line":82,"column":8}},{"start":{"line":82,"column":8},"end":{"line":82,"column":8}}]}}},"/home/dmi/projects/p2p-backend/models/tools/read-path.js":{"path":"/home/dmi/projects/p2p-backend/models/tools/read-path.js","s":{"1":1,"2":1,"3":6,"4":60,"5":34,"6":26,"7":26},"b":{"1":[34,26]},"f":{"1":6,"2":60},"fnMap":{"1":{"name":"readPath","line":3,"loc":{"start":{"line":3,"column":0},"end":{"line":3,"column":24}}},"2":{"name":"__readPath","line":5,"loc":{"start":{"line":5,"column":9},"end":{"line":5,"column":31}}}},"statementMap":{"1":{"start":{"line":1,"column":0},"end":{"line":1,"column":36}},"2":{"start":{"line":3,"column":0},"end":{"line":13,"column":1}},"3":{"start":{"line":5,"column":2},"end":{"line":11,"column":4}},"4":{"start":{"line":6,"column":4},"end":{"line":8,"column":5}},"5":{"start":{"line":7,"column":6},"end":{"line":7,"column":13}},"6":{"start":{"line":9,"column":4},"end":{"line":9,"column":27}},"7":{"start":{"line":10,"column":4},"end":{"line":10,"column":13}}},"branchMap":{"1":{"line":6,"type":"if","locations":[{"start":{"line":6,"column":4},"end":{"line":6,"column":4}},{"start":{"line":6,"column":4},"end":{"line":6,"column":4}}]}}},"/home/dmi/projects/p2p-backend/models/tools/extend-account.js":{"path":"/home/dmi/projects/p2p-backend/models/tools/extend-account.js","s":{"1":1,"2":1,"3":1,"4":6},"b":{},"f":{"1":6},"fnMap":{"1":{"name":"extendAccount","line":4,"loc":{"start":{"line":4,"column":0},"end":{"line":4,"column":32}}}},"statementMap":{"1":{"start":{"line":1,"column":0},"end":{"line":1,"column":33}},"2":{"start":{"line":2,"column":0},"end":{"line":2,"column":41}},"3":{"start":{"line":4,"column":0},"end":{"line":8,"column":1}},"4":{"start":{"line":5,"column":2},"end":{"line":7,"column":14}}},"branchMap":{}}}