TN:
SF:/home/dmi/projects/p2p-backend/models/tools/settlements.js
FN:10,define
FN:24,nextPeriod
FNF:2
FNH:2
FNDA:6,define
FNDA:1,nextPeriod
DA:1,1
DA:2,1
DA:3,1
DA:5,1
DA:10,1
DA:11,6
DA:12,6
DA:13,6
DA:15,6
DA:16,6
DA:17,6
DA:18,6
DA:19,6
DA:20,6
DA:21,6
DA:24,1
DA:25,1
DA:26,1
DA:27,1
DA:28,1
DA:29,1
DA:30,1
DA:31,1
DA:32,1
DA:35,1
LF:25
LH:25
BRDA:17,1,0,5
BRDA:17,1,1,1
BRF:2
BRH:2
end_of_record
TN:
SF:/home/dmi/projects/p2p-backend/models/plugins/status-history.js
FN:5,statusHistory
FN:28,(anonymous_2)
FN:35,(anonymous_3)
FNF:3
FNH:3
FNDA:4,statusHistory
FNDA:33,(anonymous_2)
FNDA:104,(anonymous_3)
DA:1,1
DA:3,1
DA:5,1
DA:6,4
DA:7,4
DA:8,4
DA:10,4
DA:26,4
DA:28,4
DA:29,33
DA:30,33
DA:32,33
DA:35,4
DA:36,104
DA:38,104
DA:39,40
DA:40,5
DA:46,40
DA:48,64
DA:50,104
DA:54,1
LF:21
LH:21
BRDA:6,1,0,4
BRDA:6,1,1,1
BRDA:7,2,0,4
BRDA:7,2,1,1
BRDA:8,3,0,4
BRDA:8,3,1,4
BRDA:29,4,0,33
BRDA:29,4,1,0
BRDA:29,5,0,33
BRDA:29,5,1,33
BRDA:38,6,0,40
BRDA:38,6,1,64
BRDA:38,7,0,104
BRDA:38,7,1,66
BRDA:39,8,0,5
BRDA:39,8,1,35
BRDA:48,9,0,64
BRDA:48,9,1,50
BRF:18
BRH:17
end_of_record
TN:
SF:/home/dmi/projects/p2p-backend/models/institutions.js
FN:36,closeOperatingDate
FN:45,(anonymous_2)
FN:52,closeForAccounts
FN:53,(anonymous_4)
FN:61,done
FN:64,(anonymous_6)
FN:72,openOperatingDate
FN:89,(anonymous_8)
FN:91,(anonymous_9)
FNF:9
FNH:9
FNDA:2,closeOperatingDate
FNDA:2,(anonymous_2)
FNDA:2,closeForAccounts
FNDA:2,(anonymous_4)
FNDA:2,done
FNDA:2,(anonymous_6)
FNDA:1,openOperatingDate
FNDA:1,(anonymous_8)
FNDA:1,(anonymous_9)
DA:1,1
DA:2,1
DA:3,1
DA:4,1
DA:5,1
DA:7,1
DA:9,1
DA:17,1
DA:18,1
DA:19,1
DA:21,1
DA:22,1
DA:28,1
DA:36,1
DA:37,2
DA:38,2
DA:40,2
DA:45,2
DA:46,2
DA:47,2
DA:48,2
DA:49,2
DA:52,1
DA:53,2
DA:54,2
DA:55,2
DA:56,2
DA:57,2
DA:61,1
DA:62,2
DA:63,2
DA:64,2
DA:65,2
DA:66,2
DA:72,1
DA:73,1
DA:74,1
DA:75,1
DA:77,0
DA:79,1
DA:80,1
DA:81,1
DA:82,1
DA:83,1
DA:84,1
DA:89,1
DA:90,1
DA:91,1
DA:92,1
DA:93,1
DA:94,1
DA:95,1
DA:96,1
LF:53
LH:52
BRDA:46,1,0,0
BRDA:46,1,1,2
BRDA:54,2,0,0
BRDA:54,2,1,2
BRDA:90,3,0,0
BRDA:90,3,1,1
BRDA:92,4,0,0
BRDA:92,4,1,1
BRF:8
BRH:4
end_of_record
TN:
SF:/home/dmi/projects/p2p-backend/lib/logger.js
FN:4,getLogger
FNF:1
FNH:1
FNDA:3,getLogger
DA:1,1
DA:2,1
DA:4,1
DA:6,3
DA:8,3
DA:10,0
DA:20,3
DA:21,0
DA:24,3
DA:27,1
LF:10
LH:8
BRDA:8,1,0,0
BRDA:8,1,1,3
BRDA:20,2,0,0
BRDA:20,2,1,3
BRF:4
BRH:2
end_of_record
TN:
SF:/home/dmi/projects/p2p-backend/lib/env.js
FNF:0
FNH:0
DA:1,1
LF:1
LH:1
BRDA:1,1,0,1
BRDA:1,1,1,0
BRF:2
BRH:1
end_of_record
TN:
SF:/home/dmi/projects/p2p-backend/models/entities.js
FNF:0
FNH:0
DA:1,1
DA:2,1
DA:4,1
DA:19,1
DA:20,1
DA:21,1
DA:22,1
DA:24,1
DA:48,1
DA:49,1
DA:50,1
DA:51,1
DA:53,1
DA:64,1
DA:65,1
DA:66,1
DA:68,1
LF:17
LH:17
BRF:0
BRH:0
end_of_record
TN:
SF:/home/dmi/projects/p2p-backend/models/daily-balances.js
FNF:0
FNH:0
DA:1,1
DA:2,1
DA:4,1
DA:13,1
DA:14,1
DA:15,1
DA:17,1
DA:19,1
LF:8
LH:8
BRF:0
BRH:0
end_of_record
TN:
SF:/home/dmi/projects/p2p-backend/models/accounts.js
FN:64,setAccountNumber
FN:74,getAccountNumber
FN:84,getBalance
FN:96,closeOperatingDate
FN:114,(anonymous_5)
FN:117,(anonymous_6)
FN:124,closeOperatingDateForAll
FN:139,(anonymous_8)
FN:144,(anonymous_9)
FN:150,(anonymous_10)
FN:154,done
FN:158,toLog
FNF:12
FNH:11
FNDA:20,setAccountNumber
FNDA:15,getAccountNumber
FNDA:30,getBalance
FNDA:56,closeOperatingDate
FNDA:56,(anonymous_5)
FNDA:56,(anonymous_6)
FNDA:4,closeOperatingDateForAll
FNDA:56,(anonymous_8)
FNDA:56,(anonymous_9)
FNDA:0,(anonymous_10)
FNDA:3,done
FNDA:56,toLog
DA:1,1
DA:2,1
DA:3,1
DA:4,1
DA:6,1
DA:7,1
DA:8,1
DA:9,1
DA:11,1
DA:12,1
DA:13,1
DA:31,1
DA:32,1
DA:33,1
DA:35,1
DA:36,1
DA:37,1
DA:38,1
DA:39,1
DA:40,1
DA:42,1
DA:43,1
DA:49,1
DA:64,1
DA:65,20
DA:66,20
DA:74,1
DA:75,15
DA:84,1
DA:85,30
DA:86,30
DA:96,1
DA:97,56
DA:98,56
DA:99,56
DA:101,56
DA:111,56
DA:113,56
DA:115,56
DA:116,56
DA:118,56
DA:119,56
DA:124,1
DA:125,4
DA:126,4
DA:127,4
DA:128,3
DA:130,1
DA:133,3
DA:134,3
DA:135,3
DA:140,56
DA:141,56
DA:142,56
DA:143,56
DA:144,56
DA:145,56
DA:146,56
DA:147,56
DA:151,0
DA:154,1
DA:155,3
DA:158,1
DA:159,56
DA:160,0
DA:161,0
DA:163,56
LF:67
LH:64
BRDA:86,1,0,4
BRDA:86,1,1,26
BRDA:142,2,0,56
BRDA:142,2,1,0
BRDA:145,3,0,56
BRDA:145,3,1,0
BRDA:159,4,0,0
BRDA:159,4,1,56
BRF:8
BRH:5
end_of_record
TN:
SF:/home/dmi/projects/p2p-backend/models/tools/ensure.js
FN:21,ensureId
FN:31,ensureCallback
FNF:2
FNH:2
FNDA:96,ensureId
FNDA:216,ensureCallback
DA:5,1
DA:21,1
DA:22,96
DA:23,94
DA:31,1
DA:32,216
DA:33,216
DA:34,216
DA:35,216
DA:36,216
DA:38,0
LF:11
LH:10
BRDA:22,1,0,2
BRDA:22,1,1,94
BRDA:22,2,0,96
BRDA:22,2,1,96
BRDA:22,2,2,96
BRDA:23,3,0,94
BRDA:23,3,1,50
BRDA:36,4,0,216
BRDA:36,4,1,0
BRF:9
BRH:8
end_of_record
TN:
SF:/home/dmi/projects/p2p-backend/models/account-factories.js
FN:47,preSave
FN:50,(anonymous_2)
FN:60,getNext
FN:67,factory_openAccount
FN:70,(anonymous_5)
FN:79,buildConrtoll
FN:87,openAccount
FN:99,(anonymous_8)
FN:121,generate
FN:136,(anonymous_10)
FNF:10
FNH:10
FNDA:2,preSave
FNDA:2,(anonymous_2)
FNDA:22,getNext
FNDA:22,factory_openAccount
FNDA:22,(anonymous_5)
FNDA:20,buildConrtoll
FNDA:40,openAccount
FNDA:19,(anonymous_8)
FNDA:20,generate
FNDA:38,(anonymous_10)
DA:1,1
DA:2,1
DA:3,1
DA:4,1
DA:5,1
DA:7,1
DA:23,1
DA:24,1
DA:25,1
DA:26,1
DA:27,1
DA:28,1
DA:30,1
DA:31,1
DA:32,1
DA:33,1
DA:39,1
DA:47,1
DA:48,2
DA:49,2
DA:50,2
DA:51,2
DA:52,2
DA:55,2
DA:56,2
DA:60,1
DA:61,22
DA:67,1
DA:68,22
DA:70,22
DA:71,22
DA:72,22
DA:73,0
DA:75,22
DA:79,1
DA:80,20
DA:81,60
DA:82,20
DA:83,108
DA:84,20
DA:87,1
DA:88,40
DA:89,40
DA:90,40
DA:92,40
DA:98,39
DA:99,19
DA:100,19
DA:101,19
DA:105,18
DA:106,18
DA:109,20
DA:110,20
DA:111,20
DA:112,20
DA:113,20
DA:114,20
DA:115,20
DA:116,20
DA:117,20
DA:118,20
DA:121,1
DA:122,20
DA:123,20
DA:124,20
DA:136,1
DA:137,38
DA:138,38
DA:139,38
DA:140,38
DA:142,38
DA:143,19
LF:72
LH:71
BRDA:51,1,0,0
BRDA:51,1,1,2
BRDA:52,2,0,0
BRDA:52,2,1,2
BRDA:71,3,0,0
BRDA:71,3,1,22
BRDA:72,4,0,0
BRDA:72,4,1,22
BRDA:92,5,0,1
BRDA:92,5,1,39
BRDA:92,6,0,40
BRDA:92,6,1,38
BRDA:98,7,0,19
BRDA:98,7,1,20
BRDA:98,8,0,39
BRDA:98,8,1,37
BRDA:100,9,0,0
BRDA:100,9,1,19
BRDA:101,10,0,1
BRDA:101,10,1,18
BRDA:110,11,0,20
BRDA:110,11,1,20
BRDA:112,12,0,20
BRDA:112,12,1,20
BRDA:115,13,0,20
BRDA:115,13,1,2
BRDA:116,14,0,20
BRDA:116,14,1,0
BRDA:122,15,0,20
BRDA:122,15,1,19
BRDA:128,16,0,20
BRDA:128,16,1,18
BRDA:140,17,0,38
BRDA:140,17,1,38
BRDA:142,18,0,19
BRDA:142,18,1,19
BRF:36
BRH:30
end_of_record
TN:
SF:/home/dmi/projects/p2p-backend/models/transactions.js
FN:64,preValidate
FN:79,(anonymous_2)
FN:84,(anonymous_3)
FN:91,(anonymous_4)
FN:107,approve
FN:115,cancel
FN:124,(anonymous_7)
FN:130,(anonymous_8)
FN:136,(anonymous_9)
FN:142,(anonymous_10)
FN:148,(anonymous_11)
FN:158,execute
FN:173,tx_fail
FN:178,(anonymous_14)
FN:185,tx_start
FN:188,(anonymous_16)
FN:194,_do
FN:195,(anonymous_18)
FN:200,tx_apply
FN:203,(anonymous_20)
FN:211,(anonymous_21)
FN:222,(anonymous_22)
FN:230,(anonymous_23)
FN:241,(anonymous_24)
FN:246,(anonymous_25)
FN:252,tx_push
FN:255,(anonymous_27)
FN:263,(anonymous_28)
FN:271,(anonymous_29)
FN:276,(anonymous_30)
FN:283,tx_rollback
FN:286,(anonymous_32)
FN:291,(anonymous_33)
FN:300,(anonymous_34)
FN:309,(anonymous_35)
FN:317,approveAndExecute
FN:319,(anonymous_37)
FNF:37
FNH:37
FNDA:66,preValidate
FNDA:46,(anonymous_2)
FNDA:46,(anonymous_3)
FNDA:23,(anonymous_4)
FNDA:2,approve
FNDA:2,cancel
FNDA:2,(anonymous_7)
FNDA:2,(anonymous_8)
FNDA:2,(anonymous_9)
FNDA:2,(anonymous_10)
FNDA:2,(anonymous_11)
FNDA:22,execute
FNDA:6,tx_fail
FNDA:6,(anonymous_14)
FNDA:19,tx_start
FNDA:19,(anonymous_16)
FNDA:78,_do
FNDA:78,(anonymous_18)
FNDA:19,tx_apply
FNDA:19,(anonymous_20)
FNDA:19,(anonymous_21)
FNDA:15,(anonymous_22)
FNDA:15,(anonymous_23)
FNDA:15,(anonymous_24)
FNDA:19,(anonymous_25)
FNDA:15,tx_push
FNDA:15,(anonymous_27)
FNDA:15,(anonymous_28)
FNDA:15,(anonymous_29)
FNDA:15,(anonymous_30)
FNDA:6,tx_rollback
FNDA:6,(anonymous_32)
FNDA:6,(anonymous_33)
FNDA:6,(anonymous_34)
FNDA:6,(anonymous_35)
FNDA:1,approveAndExecute
FNDA:1,(anonymous_37)
DA:1,1
DA:2,1
DA:3,1
DA:5,1
DA:6,1
DA:7,1
DA:8,1
DA:10,1
DA:12,1
DA:35,1
DA:36,1
DA:37,1
DA:38,1
DA:39,1
DA:40,1
DA:41,1
DA:42,1
DA:43,1
DA:45,1
DA:47,1
DA:48,1
DA:49,1
DA:50,1
DA:56,1
DA:64,1
DA:66,66
DA:68,23
DA:69,23
DA:70,23
DA:71,23
DA:74,23
DA:76,23
DA:77,23
DA:79,23
DA:80,46
DA:81,46
DA:82,46
DA:83,46
DA:84,46
DA:85,46
DA:88,46
DA:89,46
DA:92,23
DA:93,23
DA:94,23
DA:95,23
DA:98,23
DA:101,23
DA:102,23
DA:103,23
DA:107,1
DA:108,2
DA:109,2
DA:110,2
DA:111,2
DA:115,1
DA:116,2
DA:117,2
DA:118,2
DA:121,2
DA:123,2
DA:125,2
DA:131,2
DA:132,2
DA:133,2
DA:137,2
DA:143,2
DA:144,2
DA:145,2
DA:149,2
DA:150,2
DA:151,2
DA:152,2
DA:153,2
DA:158,1
DA:159,22
DA:160,22
DA:162,22
DA:164,22
DA:165,19
DA:166,0
DA:167,0
DA:168,2
DA:171,1
DA:173,1
DA:174,6
DA:175,6
DA:176,6
DA:177,6
DA:178,6
DA:179,6
DA:180,6
DA:181,4
DA:185,1
DA:186,19
DA:187,19
DA:188,19
DA:189,19
DA:190,19
DA:194,1
DA:195,78
DA:196,78
DA:200,1
DA:201,19
DA:202,19
DA:204,19
DA:212,19
DA:213,19
DA:214,19
DA:215,11
DA:216,11
DA:217,11
DA:219,15
DA:223,15
DA:231,15
DA:232,15
DA:233,15
DA:234,7
DA:235,7
DA:236,7
DA:238,15
DA:242,15
DA:243,15
DA:244,15
DA:247,19
DA:248,15
DA:252,1
DA:253,15
DA:254,15
DA:256,15
DA:264,15
DA:272,15
DA:273,15
DA:274,15
DA:277,15
DA:278,15
DA:283,1
DA:284,6
DA:285,6
DA:287,6
DA:288,6
DA:289,6
DA:292,6
DA:301,6
DA:310,6
DA:311,6
DA:317,1
DA:318,1
DA:319,1
DA:320,1
DA:321,1
LF:151
LH:149
BRDA:66,1,0,43
BRDA:66,1,1,23
BRDA:71,2,0,23
BRDA:71,2,1,0
BRDA:71,3,0,23
BRDA:71,3,1,23
BRDA:71,3,2,0
BRDA:76,4,0,23
BRDA:76,4,1,0
BRDA:76,5,0,23
BRDA:76,5,1,23
BRDA:83,6,0,23
BRDA:83,6,1,23
BRDA:85,7,0,0
BRDA:85,7,1,46
BRDA:92,8,0,0
BRDA:92,8,1,23
BRDA:95,9,0,0
BRDA:95,9,1,23
BRDA:95,10,0,23
BRDA:95,10,1,23
BRDA:98,11,0,0
BRDA:98,11,1,23
BRDA:109,12,0,2
BRDA:109,12,1,0
BRDA:118,13,0,0
BRDA:118,13,1,2
BRDA:131,14,0,0
BRDA:131,14,1,2
BRDA:132,15,0,0
BRDA:132,15,1,2
BRDA:143,16,0,0
BRDA:143,16,1,2
BRDA:144,17,0,0
BRDA:144,17,1,2
BRDA:149,18,0,0
BRDA:149,18,1,2
BRDA:164,19,0,19
BRDA:164,19,1,0
BRDA:164,19,2,0
BRDA:164,19,3,2
BRDA:175,20,0,4
BRDA:175,20,1,2
BRDA:176,21,0,6
BRDA:176,21,1,4
BRDA:179,22,0,0
BRDA:179,22,1,6
BRDA:180,23,0,2
BRDA:180,23,1,4
BRDA:181,24,0,4
BRDA:181,24,1,0
BRDA:189,25,0,0
BRDA:189,25,1,19
BRDA:201,26,0,0
BRDA:201,26,1,19
BRDA:212,27,0,0
BRDA:212,27,1,19
BRDA:213,28,0,0
BRDA:213,28,1,19
BRDA:214,29,0,11
BRDA:214,29,1,8
BRDA:216,30,0,3
BRDA:216,30,1,8
BRDA:217,31,0,4
BRDA:217,31,1,7
BRDA:231,32,0,0
BRDA:231,32,1,15
BRDA:232,33,0,0
BRDA:232,33,1,15
BRDA:233,34,0,7
BRDA:233,34,1,8
BRDA:235,35,0,0
BRDA:235,35,1,7
BRDA:236,36,0,0
BRDA:236,36,1,7
BRDA:247,37,0,4
BRDA:247,37,1,15
BRDA:253,38,0,0
BRDA:253,38,1,15
BRDA:277,39,0,0
BRDA:277,39,1,15
BRDA:310,40,0,0
BRDA:310,40,1,6
BRDA:320,41,0,0
BRDA:320,41,1,1
BRF:85
BRH:55
end_of_record
TN:
SF:/home/dmi/projects/p2p-backend/models/plugins/ensure-defaults.js
FN:3,ensureDefaults
FN:8,(anonymous_2)
FN:9,(anonymous_3)
FN:14,(anonymous_4)
FNF:4
FNH:2
FNDA:1,ensureDefaults
FNDA:0,(anonymous_2)
FNDA:0,(anonymous_3)
FNDA:66,(anonymous_4)
DA:1,1
DA:3,1
DA:5,1
DA:6,1
DA:7,0
DA:8,0
DA:9,0
DA:10,0
DA:14,1
DA:15,66
DA:16,66
DA:17,66
DA:18,1216
DA:19,1216
DA:20,1216
DA:21,271
DA:24,66
LF:17
LH:13
BRDA:6,1,0,0
BRDA:6,1,1,1
BRDA:7,2,0,0
BRDA:7,2,1,0
BRDA:7,2,2,0
BRDA:19,3,0,0
BRDA:19,3,1,1216
BRDA:19,4,0,1216
BRDA:19,4,1,0
BRDA:20,5,0,271
BRDA:20,5,1,945
BRF:11
BRH:5
end_of_record
TN:
SF:/home/dmi/projects/p2p-backend/models/accounting-policies.js
FN:36,ensureAccounts
FN:37,(anonymous_2)
FN:52,(anonymous_3)
FN:57,(anonymous_4)
FN:63,(anonymous_5)
FN:68,(anonymous_6)
FN:76,(anonymous_7)
FNF:7
FNH:7
FNDA:20,ensureAccounts
FNDA:20,(anonymous_2)
FNDA:30,(anonymous_3)
FNDA:20,(anonymous_4)
FNDA:16,(anonymous_5)
FNDA:16,(anonymous_6)
FNDA:20,(anonymous_7)
DA:1,1
DA:2,1
DA:3,1
DA:5,1
DA:6,1
DA:17,1
DA:18,1
DA:20,1
DA:28,1
DA:36,1
DA:37,20
DA:38,20
DA:39,20
DA:43,20
DA:44,20
DA:45,20
DA:46,20
DA:47,20
DA:48,20
DA:49,20
DA:50,20
DA:51,14
DA:52,14
DA:53,30
DA:56,6
DA:57,6
DA:58,20
DA:62,20
DA:63,20
DA:64,16
DA:69,16
DA:70,16
DA:73,16
DA:74,16
DA:77,20
LF:35
LH:35
BRDA:38,1,0,0
BRDA:38,1,1,20
BRDA:39,2,0,0
BRDA:39,2,1,20
BRDA:46,3,0,20
BRDA:46,3,1,0
BRDA:50,4,0,14
BRDA:50,4,1,6
BRDA:53,5,0,30
BRDA:53,5,1,11
BRDA:58,6,0,20
BRDA:58,6,1,9
BRDA:69,7,0,0
BRDA:69,7,1,16
BRDA:70,8,0,0
BRDA:70,8,1,16
BRF:16
BRH:11
end_of_record
TN:
SF:/home/dmi/projects/p2p-backend/models/contracts.js
FN:62,preValidate
FN:70,(anonymous_2)
FN:80,preSave
FN:100,(anonymous_4)
FN:104,populateInstitution
FN:109,defineSettlementPeriod
FN:118,ensureAccounts
FN:129,closeOperatingDate
FN:133,openOperatingDate
FN:147,verifyStartOfPeriod
FN:151,(anonymous_11)
FN:163,closeOperatingDateForAll
FN:178,(anonymous_13)
FN:182,(anonymous_14)
FN:188,(anonymous_15)
FN:192,done
FN:196,toLog
FN:204,openOperatingDateForAll
FN:218,(anonymous_19)
FN:222,(anonymous_20)
FN:228,(anonymous_21)
FN:232,done
FN:236,toLog
FNF:23
FNH:20
FNDA:10,preValidate
FNDA:6,(anonymous_2)
FNDA:9,preSave
FNDA:6,(anonymous_4)
FNDA:4,populateInstitution
FNDA:4,defineSettlementPeriod
FNDA:6,ensureAccounts
FNDA:13,closeOperatingDate
FNDA:9,openOperatingDate
FNDA:9,verifyStartOfPeriod
FNDA:0,(anonymous_11)
FNDA:4,closeOperatingDateForAll
FNDA:13,(anonymous_13)
FNDA:13,(anonymous_14)
FNDA:0,(anonymous_15)
FNDA:3,done
FNDA:13,toLog
FNDA:3,openOperatingDateForAll
FNDA:9,(anonymous_19)
FNDA:9,(anonymous_20)
FNDA:0,(anonymous_21)
FNDA:2,done
FNDA:9,toLog
DA:1,1
DA:2,1
DA:3,1
DA:4,1
DA:6,1
DA:7,1
DA:8,1
DA:9,1
DA:10,1
DA:11,1
DA:12,1
DA:13,1
DA:15,1
DA:16,1
DA:32,1
DA:34,1
DA:35,1
DA:36,1
DA:37,1
DA:38,1
DA:40,1
DA:41,1
DA:43,1
DA:44,1
DA:45,1
DA:46,1
DA:48,1
DA:54,1
DA:62,1
DA:64,10
DA:65,6
DA:66,6
DA:67,6
DA:71,6
DA:72,6
DA:75,5
DA:76,5
DA:80,1
DA:81,9
DA:82,9
DA:83,9
DA:85,9
DA:86,5
DA:87,4
DA:88,1
DA:91,9
DA:92,4
DA:93,4
DA:96,9
DA:98,9
DA:100,6
DA:101,6
DA:104,1
DA:105,4
DA:106,4
DA:109,1
DA:110,4
DA:111,4
DA:115,4
DA:118,1
DA:120,6
DA:121,6
DA:122,6
DA:129,1
DA:130,13
DA:133,1
DA:134,9
DA:135,9
DA:136,9
DA:138,0
DA:139,0
DA:142,9
DA:147,1
DA:148,9
DA:149,9
DA:150,0
DA:151,0
DA:152,0
DA:153,0
DA:154,0
DA:156,0
DA:158,9
DA:163,1
DA:164,4
DA:165,4
DA:166,4
DA:167,4
DA:168,3
DA:170,1
DA:171,1
DA:173,3
DA:174,3
DA:175,3
DA:179,13
DA:180,13
DA:181,13
DA:182,13
DA:183,13
DA:184,13
DA:185,13
DA:189,0
DA:192,1
DA:193,3
DA:196,1
DA:197,13
DA:198,0
DA:200,13
DA:204,1
DA:205,3
DA:206,3
DA:207,3
DA:208,2
DA:210,1
DA:212,2
DA:213,2
DA:214,2
DA:219,9
DA:220,9
DA:221,9
DA:222,9
DA:223,9
DA:224,9
DA:225,9
DA:229,0
DA:232,1
DA:233,2
DA:236,1
DA:237,9
DA:238,0
DA:240,9
LF:130
LH:118
BRDA:64,1,0,4
BRDA:64,1,1,6
BRDA:71,2,0,0
BRDA:71,2,1,6
BRDA:72,3,0,1
BRDA:72,3,1,5
BRDA:85,4,0,5
BRDA:85,4,1,4
BRDA:87,5,0,1
BRDA:87,5,1,3
BRDA:87,6,0,4
BRDA:87,6,1,1
BRDA:91,7,0,4
BRDA:91,7,1,5
BRDA:91,8,0,9
BRDA:91,8,1,7
BRDA:92,9,0,4
BRDA:92,9,1,0
BRDA:96,10,0,6
BRDA:96,10,1,3
BRDA:98,11,0,3
BRDA:98,11,1,6
BRDA:138,12,0,0
BRDA:138,12,1,0
BRDA:149,13,0,0
BRDA:149,13,1,9
BRDA:152,14,0,0
BRDA:152,14,1,0
BRDA:153,15,0,0
BRDA:153,15,1,0
BRDA:180,16,0,13
BRDA:180,16,1,0
BRDA:183,17,0,13
BRDA:183,17,1,0
BRDA:197,18,0,0
BRDA:197,18,1,13
BRDA:200,19,0,13
BRDA:200,19,1,4
BRDA:220,20,0,9
BRDA:220,20,1,0
BRDA:223,21,0,9
BRDA:223,21,1,0
BRDA:237,22,0,0
BRDA:237,22,1,9
BRDA:240,23,0,9
BRDA:240,23,1,3
BRF:46
BRH:31
end_of_record
TN:
SF:/home/dmi/projects/p2p-backend/lib/schema-ondo.js
FN:5,(anonymous_1)
FN:21,(anonymous_2)
FN:33,(anonymous_3)
FN:35,(anonymous_4)
FN:43,(anonymous_5)
FNF:5
FNH:5
FNDA:22,(anonymous_1)
FNDA:9,(anonymous_2)
FNDA:2,(anonymous_3)
FNDA:9,(anonymous_4)
FNDA:22,(anonymous_5)
DA:1,1
DA:2,1
DA:3,1
DA:5,1
DA:6,22
DA:8,22
DA:9,22
DA:10,22
DA:11,22
DA:13,22
DA:14,22
DA:16,22
DA:17,22
DA:19,9
DA:21,9
DA:22,9
DA:25,9
DA:26,9
DA:27,9
DA:30,9
DA:33,1
DA:35,2
DA:36,9
DA:37,9
DA:38,9
DA:43,1
DA:44,22
DA:47,1
LF:28
LH:28
BRDA:14,1,0,0
BRDA:14,1,1,22
BRDA:17,2,0,13
BRDA:17,2,1,9
BRDA:19,3,0,0
BRDA:19,3,1,9
BRF:6
BRH:4
end_of_record
TN:
SF:/home/dmi/projects/p2p-backend/models/products.js
FN:39,preSave
FNF:1
FNH:1
FNDA:8,preSave
DA:1,1
DA:2,1
DA:4,1
DA:6,1
DA:7,1
DA:19,1
DA:20,1
DA:21,1
DA:22,1
DA:23,1
DA:25,1
DA:31,1
DA:39,1
DA:40,8
DA:41,8
LF:15
LH:15
BRF:0
BRH:0
end_of_record
TN:
SF:/home/dmi/projects/p2p-backend/models/models.js
FNF:0
FNH:0
DA:2,1
DA:3,1
DA:4,1
DA:5,1
DA:6,1
DA:7,1
DA:8,1
DA:9,1
DA:10,1
DA:11,1
DA:13,1
LF:11
LH:11
BRF:0
BRH:0
end_of_record
TN:
SF:/home/dmi/projects/p2p-backend/models/current-account/index.js
FNF:0
FNH:0
DA:1,1
DA:2,1
DA:4,1
LF:3
LH:3
BRF:0
BRH:0
end_of_record
TN:
SF:/home/dmi/projects/p2p-backend/models/current-account/contracts.js
FN:35,(anonymous_1)
FN:39,(anonymous_2)
FN:59,accrueInterests
FN:73,ensureInterestAccount
FN:78,(anonymous_5)
FN:85,refreshCurrentBalance
FN:90,calculateInterests
FN:100,transact
FN:121,payoutInterests
FN:133,refreshInterestsBalance
FN:136,(anonymous_11)
FN:143,transact
FN:180,wrapInstanceMethod
FN:181,(anonymous_14)
FN:193,(anonymous_15)
FNF:15
FNH:8
FNDA:9,(anonymous_1)
FNDA:0,(anonymous_2)
FNDA:9,accrueInterests
FNDA:9,ensureInterestAccount
FNDA:3,(anonymous_5)
FNDA:9,refreshCurrentBalance
FNDA:9,calculateInterests
FNDA:9,transact
FNDA:0,payoutInterests
FNDA:0,refreshInterestsBalance
FNDA:0,(anonymous_11)
FNDA:0,transact
FNDA:4,wrapInstanceMethod
FNDA:0,(anonymous_14)
FNDA:0,(anonymous_15)
DA:1,1
DA:2,1
DA:3,1
DA:4,1
DA:5,1
DA:7,1
DA:8,1
DA:9,1
DA:10,1
DA:12,1
DA:13,1
DA:15,1
DA:24,1
DA:25,1
DA:26,1
DA:27,1
DA:28,1
DA:29,1
DA:30,1
DA:31,1
DA:35,1
DA:36,9
DA:39,1
DA:40,0
DA:47,1
DA:51,1
DA:59,1
DA:60,9
DA:61,9
DA:62,9
DA:64,9
DA:66,9
DA:73,1
DA:74,9
DA:75,3
DA:76,3
DA:79,3
DA:80,3
DA:85,1
DA:86,9
DA:87,9
DA:90,1
DA:91,9
DA:92,9
DA:93,6
DA:95,9
DA:96,9
DA:97,9
DA:100,1
DA:101,9
DA:102,0
DA:110,0
DA:121,1
DA:123,0
DA:125,0
DA:126,0
DA:128,0
DA:133,1
DA:134,0
DA:136,0
DA:137,0
DA:138,0
DA:139,0
DA:143,1
DA:144,0
DA:145,0
DA:154,0
DA:180,1
DA:181,4
DA:182,0
DA:183,0
DA:184,0
DA:185,0
DA:186,0
DA:187,0
DA:189,0
DA:190,0
DA:191,0
DA:193,0
DA:194,0
DA:195,0
DA:198,0
LF:82
LH:54
BRDA:74,1,0,6
BRDA:74,1,1,3
BRDA:79,2,0,0
BRDA:79,2,1,3
BRDA:92,3,0,6
BRDA:92,3,1,3
BRDA:101,4,0,9
BRDA:101,4,1,0
BRDA:134,5,0,0
BRDA:134,5,1,0
BRDA:137,6,0,0
BRDA:137,6,1,0
BRDA:138,7,0,0
BRDA:138,7,1,0
BRDA:144,8,0,0
BRDA:144,8,1,0
BRDA:185,9,0,0
BRDA:185,9,1,0
BRDA:189,10,0,0
BRDA:189,10,1,0
BRDA:194,11,0,0
BRDA:194,11,1,0
BRDA:195,12,0,0
BRDA:195,12,1,0
BRF:24
BRH:6
end_of_record
TN:
SF:/home/dmi/projects/p2p-backend/models/tools/operate.js
FN:6,operate
FN:12,(anonymous_2)
FN:32,(anonymous_3)
FNF:3
FNH:3
FNDA:2,operate
FNDA:11,(anonymous_2)
FNDA:11,(anonymous_3)
DA:1,1
DA:2,1
DA:3,1
DA:4,1
DA:6,1
DA:8,2
DA:9,0
DA:12,2
DA:13,11
DA:14,11
DA:15,11
DA:16,11
DA:17,11
DA:18,11
DA:20,0
DA:21,0
DA:24,11
DA:32,11
DA:33,11
DA:34,3
DA:35,0
DA:37,8
DA:38,8
DA:40,0
LF:24
LH:19
BRDA:8,1,0,0
BRDA:8,1,1,2
BRDA:16,2,0,11
BRDA:16,2,1,11
BRDA:18,3,0,11
BRDA:18,3,1,11
BRDA:20,4,0,0
BRDA:20,4,1,0
BRDA:33,5,0,3
BRDA:33,5,1,8
BRDA:34,6,0,3
BRDA:34,6,1,0
BRDA:37,7,0,8
BRDA:37,7,1,0
BRDA:40,8,0,0
BRDA:40,8,1,0
BRDA:40,8,2,0
BRF:17
BRH:9
end_of_record
TN:
SF:/home/dmi/projects/p2p-backend/models/current-account/products.js
FNF:0
FNH:0
DA:1,1
DA:2,1
DA:3,1
DA:4,1
DA:6,1
DA:18,1
DA:22,1
LF:7
LH:7
BRF:0
BRH:0
end_of_record
TN:
SF:/home/dmi/projects/p2p-backend/models/fees.js
FN:17,calculateFee
FN:27,ensureProductRound
FNF:2
FNH:2
FNDA:8,calculateFee
FNDA:8,ensureProductRound
DA:1,1
DA:2,1
DA:4,1
DA:11,1
DA:13,1
DA:17,1
DA:18,8
DA:19,8
DA:20,8
DA:21,8
DA:22,8
DA:23,8
DA:24,8
DA:27,1
DA:28,8
DA:29,8
DA:30,8
DA:31,8
LF:18
LH:18
BRDA:20,1,0,0
BRDA:20,1,1,8
BRDA:21,2,0,6
BRDA:21,2,1,2
BRDA:22,3,0,0
BRDA:22,3,1,8
BRDA:22,4,0,0
BRDA:22,4,1,0
BRDA:23,5,0,0
BRDA:23,5,1,8
BRDA:23,6,0,0
BRDA:23,6,1,0
BRDA:28,7,0,8
BRDA:28,7,1,0
BRDA:29,8,0,8
BRDA:29,8,1,5
BRDA:30,9,0,0
BRDA:30,9,1,8
BRF:18
BRH:9
end_of_record
TN:
SF:/home/dmi/projects/p2p-backend/models/current-account/transactions.js
FN:30,(anonymous_1)
FN:60,(anonymous_2)
FN:86,$
FNF:3
FNH:2
FNDA:3,(anonymous_1)
FNDA:0,(anonymous_2)
FNDA:6,$
DA:1,1
DA:2,1
DA:3,1
DA:4,1
DA:5,1
DA:6,1
DA:7,1
DA:9,1
DA:15,1
DA:17,1
DA:21,1
DA:29,1
DA:30,1
DA:31,3
DA:34,1
DA:38,1
DA:45,1
DA:46,1
DA:51,1
DA:55,1
DA:60,1
DA:61,0
DA:62,0
DA:65,1
DA:70,1
DA:74,1
DA:78,1
DA:86,1
DA:87,6
LF:29
LH:27
BRF:0
BRH:0
end_of_record
TN:
SF:/home/dmi/projects/p2p-backend/models/plugins/base-contract.js
FN:7,baseContract
FN:20,(anonymous_2)
FN:24,(anonymous_3)
FNF:3
FNH:2
FNDA:3,baseContract
FNDA:14,(anonymous_2)
FNDA:0,(anonymous_3)
DA:1,1
DA:2,1
DA:3,1
DA:5,1
DA:7,1
DA:8,3
DA:9,3
DA:10,3
DA:11,3
DA:13,0
DA:15,3
DA:16,3
DA:20,3
DA:21,14
DA:22,14
DA:24,3
DA:25,0
DA:26,0
DA:27,0
DA:28,0
LF:20
LH:15
BRDA:8,1,0,3
BRDA:8,1,1,0
BRDA:9,2,0,3
BRDA:9,2,1,0
BRDA:10,3,0,3
BRDA:10,3,1,0
BRDA:26,4,0,0
BRDA:26,4,1,0
BRDA:27,5,0,0
BRDA:27,5,1,0
BRF:10
BRH:3
end_of_record
TN:
SF:/home/dmi/projects/p2p-backend/models/plugins/trans-fee.js
FN:8,transFeeFactory
FN:28,execWithFee
FN:32,(anonymous_3)
FN:42,(anonymous_4)
FN:47,calculateFee
FN:55,transactFee
FN:70,transact
FN:76,rollback_fee
FN:81,(anonymous_9)
FNF:9
FNH:9
FNDA:1,transFeeFactory
FNDA:1,execWithFee
FNDA:5,(anonymous_3)
FNDA:5,(anonymous_4)
FNDA:5,calculateFee
FNDA:5,transactFee
FNDA:4,transact
FNDA:3,rollback_fee
FNDA:1,(anonymous_9)
DA:1,1
DA:2,1
DA:3,1
DA:4,1
DA:6,1
DA:8,1
DA:10,1
DA:11,1
DA:12,1
DA:13,0
DA:14,0
DA:16,1
DA:17,1
DA:19,1
DA:22,1
DA:23,1
DA:28,1
DA:29,1
DA:30,1
DA:32,1
DA:33,5
DA:34,5
DA:35,5
DA:36,5
DA:38,5
DA:43,5
DA:44,2
DA:47,1
DA:48,5
DA:49,5
DA:50,5
DA:51,5
DA:52,5
DA:55,1
DA:56,5
DA:57,5
DA:58,3
DA:65,3
DA:67,2
DA:70,1
DA:71,4
DA:72,4
DA:73,4
DA:76,1
DA:77,3
DA:78,3
DA:80,1
DA:81,1
DA:82,1
DA:85,1
LF:50
LH:48
BRDA:12,1,0,0
BRDA:12,1,1,1
BRDA:43,2,0,3
BRDA:43,2,1,2
BRDA:50,3,0,0
BRDA:50,3,1,5
BRDA:57,4,0,3
BRDA:57,4,1,2
BRDA:72,5,0,2
BRDA:72,5,1,2
BRDA:78,6,0,2
BRDA:78,6,1,1
BRDA:78,7,0,3
BRDA:78,7,1,2
BRDA:82,8,0,0
BRDA:82,8,1,1
BRF:16
BRH:13
end_of_record
TN:
SF:/home/dmi/projects/p2p-backend/models/tools/read-path.js
FN:3,readPath
FN:5,__readPath
FNF:2
FNH:2
FNDA:6,readPath
FNDA:60,__readPath
DA:1,1
DA:3,1
DA:5,6
DA:6,60
DA:7,34
DA:9,26
DA:10,26
LF:7
LH:7
BRDA:6,1,0,34
BRDA:6,1,1,26
BRF:2
BRH:2
end_of_record
TN:
SF:/home/dmi/projects/p2p-backend/models/tools/extend-account.js
FN:4,extendAccount
FNF:1
FNH:1
FNDA:6,extendAccount
DA:1,1
DA:2,1
DA:4,1
DA:5,6
LF:4
LH:4
BRF:0
BRH:0
end_of_record
