TN:
SF:/home/dmi/projects/p2p-backend/models/tools/settlements.js
FN:10,define
FN:24,nextPeriod
FNF:2
FNH:2
FNDA:5,define
FNDA:1,nextPeriod
DA:1,1
DA:2,1
DA:3,1
DA:5,1
DA:10,1
DA:11,5
DA:12,5
DA:13,5
DA:15,5
DA:16,5
DA:17,5
DA:18,5
DA:19,5
DA:20,5
DA:21,5
DA:24,1
DA:25,1
DA:26,1
DA:27,1
DA:28,1
DA:29,1
DA:30,1
DA:31,1
DA:32,1
DA:35,1
LF:25
LH:25
BRDA:17,1,0,4
BRDA:17,1,1,1
BRF:2
BRH:2
end_of_record
TN:
SF:/home/dmi/projects/p2p-backend/models/plugins/status-history.js
FN:5,statusHistory
FN:28,(anonymous_2)
FN:35,(anonymous_3)
FNF:3
FNH:3
FNDA:4,statusHistory
FNDA:25,(anonymous_2)
FNDA:88,(anonymous_3)
DA:1,1
DA:3,1
DA:5,1
DA:6,4
DA:7,4
DA:8,4
DA:10,4
DA:26,4
DA:28,4
DA:29,25
DA:30,25
DA:32,25
DA:35,4
DA:36,88
DA:38,88
DA:39,32
DA:40,2
DA:46,32
DA:48,56
DA:50,88
DA:54,1
LF:21
LH:21
BRDA:6,1,0,4
BRDA:6,1,1,1
BRDA:7,2,0,4
BRDA:7,2,1,1
BRDA:8,3,0,4
BRDA:8,3,1,4
BRDA:29,4,0,25
BRDA:29,4,1,0
BRDA:29,5,0,25
BRDA:29,5,1,25
BRDA:38,6,0,32
BRDA:38,6,1,56
BRDA:38,7,0,88
BRDA:38,7,1,58
BRDA:39,8,0,2
BRDA:39,8,1,30
BRDA:48,9,0,56
BRDA:48,9,1,50
BRF:18
BRH:17
end_of_record
TN:
SF:/home/dmi/projects/p2p-backend/models/institutions.js
FN:36,closeOperatingDate
FN:45,(anonymous_2)
FN:52,closeForAccounts
FN:53,(anonymous_4)
FN:61,done
FN:64,(anonymous_6)
FN:72,openOperatingDate
FN:89,(anonymous_8)
FN:91,(anonymous_9)
FNF:9
FNH:9
FNDA:2,closeOperatingDate
FNDA:2,(anonymous_2)
FNDA:2,closeForAccounts
FNDA:2,(anonymous_4)
FNDA:2,done
FNDA:2,(anonymous_6)
FNDA:1,openOperatingDate
FNDA:1,(anonymous_8)
FNDA:1,(anonymous_9)
DA:1,1
DA:2,1
DA:3,1
DA:4,1
DA:5,1
DA:7,1
DA:9,1
DA:17,1
DA:18,1
DA:19,1
DA:21,1
DA:22,1
DA:28,1
DA:36,1
DA:37,2
DA:38,2
DA:40,2
DA:45,2
DA:46,2
DA:47,2
DA:48,2
DA:49,2
DA:52,1
DA:53,2
DA:54,2
DA:55,2
DA:56,2
DA:57,2
DA:61,1
DA:62,2
DA:63,2
DA:64,2
DA:65,2
DA:66,2
DA:72,1
DA:73,1
DA:74,1
DA:75,1
DA:77,0
DA:79,1
DA:80,1
DA:81,1
DA:82,1
DA:83,1
DA:84,1
DA:89,1
DA:90,1
DA:91,1
DA:92,1
DA:93,1
DA:94,1
DA:95,1
DA:96,1
LF:53
LH:52
BRDA:46,1,0,0
BRDA:46,1,1,2
BRDA:54,2,0,0
BRDA:54,2,1,2
BRDA:90,3,0,0
BRDA:90,3,1,1
BRDA:92,4,0,0
BRDA:92,4,1,1
BRF:8
BRH:4
end_of_record
TN:
SF:/home/dmi/projects/p2p-backend/lib/logger.js
FN:4,getLogger
FNF:1
FNH:1
FNDA:3,getLogger
DA:1,1
DA:2,1
DA:4,1
DA:6,3
DA:8,3
DA:10,0
DA:20,3
DA:21,0
DA:24,3
DA:27,1
LF:10
LH:8
BRDA:8,1,0,0
BRDA:8,1,1,3
BRDA:20,2,0,0
BRDA:20,2,1,3
BRF:4
BRH:2
end_of_record
TN:
SF:/home/dmi/projects/p2p-backend/lib/env.js
FNF:0
FNH:0
DA:1,1
LF:1
LH:1
BRDA:1,1,0,1
BRDA:1,1,1,0
BRF:2
BRH:1
end_of_record
TN:
SF:/home/dmi/projects/p2p-backend/models/entities.js
FNF:0
FNH:0
DA:1,1
DA:2,1
DA:4,1
DA:19,1
DA:20,1
DA:21,1
DA:22,1
DA:24,1
DA:48,1
DA:49,1
DA:50,1
DA:51,1
DA:53,1
DA:64,1
DA:65,1
DA:66,1
DA:68,1
LF:17
LH:17
BRF:0
BRH:0
end_of_record
TN:
SF:/home/dmi/projects/p2p-backend/models/daily-balances.js
FNF:0
FNH:0
DA:1,1
DA:2,1
DA:4,1
DA:13,1
DA:14,1
DA:15,1
DA:17,1
DA:19,1
LF:8
LH:8
BRF:0
BRH:0
end_of_record
TN:
SF:/home/dmi/projects/p2p-backend/models/accounts.js
FN:64,setAccountNumber
FN:74,getAccountNumber
FN:84,getBalance
FN:96,closeOperatingDate
FN:114,(anonymous_5)
FN:117,(anonymous_6)
FN:124,closeOperatingDateForAll
FN:139,(anonymous_8)
FN:144,(anonymous_9)
FN:150,(anonymous_10)
FN:154,done
FN:158,toLog
FNF:12
FNH:11
FNDA:16,setAccountNumber
FNDA:20,getAccountNumber
FNDA:28,getBalance
FNDA:54,closeOperatingDate
FNDA:54,(anonymous_5)
FNDA:54,(anonymous_6)
FNDA:4,closeOperatingDateForAll
FNDA:54,(anonymous_8)
FNDA:54,(anonymous_9)
FNDA:0,(anonymous_10)
FNDA:3,done
FNDA:54,toLog
DA:1,1
DA:2,1
DA:3,1
DA:4,1
DA:6,1
DA:7,1
DA:8,1
DA:9,1
DA:11,1
DA:12,1
DA:13,1
DA:31,1
DA:32,1
DA:33,1
DA:35,1
DA:36,1
DA:37,1
DA:38,1
DA:39,1
DA:40,1
DA:42,1
DA:43,1
DA:49,1
DA:64,1
DA:65,16
DA:66,16
DA:74,1
DA:75,20
DA:84,1
DA:85,28
DA:86,28
DA:96,1
DA:97,54
DA:98,54
DA:99,54
DA:101,54
DA:111,54
DA:113,54
DA:115,54
DA:116,54
DA:118,54
DA:119,54
DA:124,1
DA:125,4
DA:126,4
DA:127,4
DA:128,3
DA:130,1
DA:133,3
DA:134,3
DA:135,3
DA:140,54
DA:141,54
DA:142,54
DA:143,54
DA:144,54
DA:145,54
DA:146,54
DA:147,54
DA:151,0
DA:154,1
DA:155,3
DA:158,1
DA:159,54
DA:160,0
DA:161,0
DA:163,54
LF:67
LH:64
BRDA:86,1,0,4
BRDA:86,1,1,24
BRDA:142,2,0,54
BRDA:142,2,1,0
BRDA:145,3,0,54
BRDA:145,3,1,0
BRDA:159,4,0,0
BRDA:159,4,1,54
BRF:8
BRH:5
end_of_record
TN:
SF:/home/dmi/projects/p2p-backend/models/tools/ensure.js
FN:21,ensureId
FN:31,ensureCallback
FNF:2
FNH:2
FNDA:80,ensureId
FNDA:170,ensureCallback
DA:5,1
DA:21,1
DA:22,80
DA:23,78
DA:31,1
DA:32,170
DA:33,170
DA:34,170
DA:35,170
DA:36,170
DA:38,0
LF:11
LH:10
BRDA:22,1,0,2
BRDA:22,1,1,78
BRDA:22,2,0,80
BRDA:22,2,1,80
BRDA:22,2,2,80
BRDA:23,3,0,78
BRDA:23,3,1,42
BRDA:36,4,0,170
BRDA:36,4,1,0
BRF:9
BRH:8
end_of_record
TN:
SF:/home/dmi/projects/p2p-backend/models/account-factories.js
FN:47,preSave
FN:50,(anonymous_2)
FN:60,getNext
FN:67,factory_openAccount
FN:70,(anonymous_5)
FN:79,buildConrtoll
FN:87,openAccount
FN:99,(anonymous_8)
FN:121,generate
FN:136,(anonymous_10)
FNF:10
FNH:10
FNDA:2,preSave
FNDA:2,(anonymous_2)
FNDA:18,getNext
FNDA:18,factory_openAccount
FNDA:18,(anonymous_5)
FNDA:16,buildConrtoll
FNDA:32,openAccount
FNDA:15,(anonymous_8)
FNDA:16,generate
FNDA:30,(anonymous_10)
DA:1,1
DA:2,1
DA:3,1
DA:4,1
DA:5,1
DA:7,1
DA:23,1
DA:24,1
DA:25,1
DA:26,1
DA:27,1
DA:28,1
DA:30,1
DA:31,1
DA:32,1
DA:33,1
DA:39,1
DA:47,1
DA:48,2
DA:49,2
DA:50,2
DA:51,2
DA:52,2
DA:55,2
DA:56,2
DA:60,1
DA:61,18
DA:67,1
DA:68,18
DA:70,18
DA:71,18
DA:72,18
DA:73,0
DA:75,18
DA:79,1
DA:80,16
DA:81,48
DA:82,16
DA:83,84
DA:84,16
DA:87,1
DA:88,32
DA:89,32
DA:90,32
DA:92,32
DA:98,31
DA:99,15
DA:100,15
DA:101,15
DA:105,14
DA:106,14
DA:109,16
DA:110,16
DA:111,16
DA:112,16
DA:113,16
DA:114,16
DA:115,16
DA:116,16
DA:117,16
DA:118,16
DA:121,1
DA:122,16
DA:123,16
DA:124,16
DA:136,1
DA:137,30
DA:138,30
DA:139,30
DA:140,30
DA:142,30
DA:143,15
LF:72
LH:71
BRDA:51,1,0,0
BRDA:51,1,1,2
BRDA:52,2,0,0
BRDA:52,2,1,2
BRDA:71,3,0,0
BRDA:71,3,1,18
BRDA:72,4,0,0
BRDA:72,4,1,18
BRDA:92,5,0,1
BRDA:92,5,1,31
BRDA:92,6,0,32
BRDA:92,6,1,30
BRDA:98,7,0,15
BRDA:98,7,1,16
BRDA:98,8,0,31
BRDA:98,8,1,29
BRDA:100,9,0,0
BRDA:100,9,1,15
BRDA:101,10,0,1
BRDA:101,10,1,14
BRDA:110,11,0,16
BRDA:110,11,1,16
BRDA:112,12,0,16
BRDA:112,12,1,16
BRDA:115,13,0,16
BRDA:115,13,1,2
BRDA:116,14,0,16
BRDA:116,14,1,0
BRDA:122,15,0,16
BRDA:122,15,1,15
BRDA:128,16,0,16
BRDA:128,16,1,14
BRDA:140,17,0,30
BRDA:140,17,1,30
BRDA:142,18,0,15
BRDA:142,18,1,15
BRF:36
BRH:30
end_of_record
TN:
SF:/home/dmi/projects/p2p-backend/models/transactions.js
FN:62,preValidate
FN:77,(anonymous_2)
FN:82,(anonymous_3)
FN:89,(anonymous_4)
FN:105,approve
FN:113,cancel
FN:122,(anonymous_7)
FN:128,(anonymous_8)
FN:134,(anonymous_9)
FN:140,(anonymous_10)
FN:146,(anonymous_11)
FN:156,execute
FN:171,tx_fail
FN:176,(anonymous_14)
FN:183,tx_start
FN:186,(anonymous_16)
FN:192,_do
FN:193,(anonymous_18)
FN:198,tx_apply
FN:201,(anonymous_20)
FN:209,(anonymous_21)
FN:220,(anonymous_22)
FN:228,(anonymous_23)
FN:239,(anonymous_24)
FN:244,(anonymous_25)
FN:250,tx_push
FN:253,(anonymous_27)
FN:261,(anonymous_28)
FN:269,(anonymous_29)
FN:274,(anonymous_30)
FN:281,tx_rollback
FN:284,(anonymous_32)
FN:289,(anonymous_33)
FN:298,(anonymous_34)
FN:307,(anonymous_35)
FN:315,approveAndExecute
FN:317,(anonymous_37)
FNF:37
FNH:37
FNDA:54,preValidate
FNDA:37,(anonymous_2)
FNDA:37,(anonymous_3)
FNDA:19,(anonymous_4)
FNDA:2,approve
FNDA:2,cancel
FNDA:2,(anonymous_7)
FNDA:2,(anonymous_8)
FNDA:2,(anonymous_9)
FNDA:2,(anonymous_10)
FNDA:2,(anonymous_11)
FNDA:18,execute
FNDA:4,tx_fail
FNDA:4,(anonymous_14)
FNDA:15,tx_start
FNDA:15,(anonymous_16)
FNDA:64,_do
FNDA:64,(anonymous_18)
FNDA:15,tx_apply
FNDA:15,(anonymous_20)
FNDA:15,(anonymous_21)
FNDA:13,(anonymous_22)
FNDA:13,(anonymous_23)
FNDA:13,(anonymous_24)
FNDA:15,(anonymous_25)
FNDA:13,tx_push
FNDA:13,(anonymous_27)
FNDA:13,(anonymous_28)
FNDA:13,(anonymous_29)
FNDA:13,(anonymous_30)
FNDA:4,tx_rollback
FNDA:4,(anonymous_32)
FNDA:4,(anonymous_33)
FNDA:4,(anonymous_34)
FNDA:4,(anonymous_35)
FNDA:1,approveAndExecute
FNDA:1,(anonymous_37)
DA:1,1
DA:2,1
DA:3,1
DA:5,1
DA:6,1
DA:7,1
DA:9,1
DA:11,1
DA:34,1
DA:35,1
DA:36,1
DA:37,1
DA:38,1
DA:39,1
DA:40,1
DA:41,1
DA:43,1
DA:45,1
DA:46,1
DA:47,1
DA:48,1
DA:54,1
DA:62,1
DA:64,54
DA:66,19
DA:67,19
DA:68,19
DA:69,19
DA:72,19
DA:74,19
DA:75,18
DA:77,19
DA:78,37
DA:79,37
DA:80,37
DA:81,37
DA:82,37
DA:83,37
DA:86,37
DA:87,37
DA:90,19
DA:91,19
DA:92,19
DA:93,19
DA:96,19
DA:99,19
DA:100,19
DA:101,19
DA:105,1
DA:106,2
DA:107,2
DA:108,2
DA:109,2
DA:113,1
DA:114,2
DA:115,2
DA:116,2
DA:119,2
DA:121,2
DA:123,2
DA:129,2
DA:130,2
DA:131,2
DA:135,2
DA:141,2
DA:142,2
DA:143,2
DA:147,2
DA:148,2
DA:149,2
DA:150,2
DA:151,2
DA:156,1
DA:157,18
DA:158,18
DA:160,18
DA:162,18
DA:163,15
DA:164,0
DA:165,0
DA:166,2
DA:169,1
DA:171,1
DA:172,4
DA:173,4
DA:174,4
DA:175,4
DA:176,4
DA:177,4
DA:178,4
DA:179,2
DA:183,1
DA:184,15
DA:185,15
DA:186,15
DA:187,15
DA:188,15
DA:192,1
DA:193,64
DA:194,64
DA:198,1
DA:199,15
DA:200,15
DA:202,15
DA:210,15
DA:211,15
DA:212,15
DA:213,9
DA:214,9
DA:215,9
DA:217,13
DA:221,13
DA:229,13
DA:230,13
DA:231,13
DA:232,7
DA:233,7
DA:234,7
DA:236,13
DA:240,13
DA:241,13
DA:242,13
DA:245,15
DA:246,13
DA:250,1
DA:251,13
DA:252,13
DA:254,13
DA:262,13
DA:270,13
DA:271,13
DA:272,13
DA:275,13
DA:276,13
DA:281,1
DA:282,4
DA:283,4
DA:285,4
DA:286,4
DA:287,4
DA:290,4
DA:299,4
DA:308,4
DA:309,4
DA:315,1
DA:316,1
DA:317,1
DA:318,1
DA:319,1
LF:149
LH:147
BRDA:64,1,0,35
BRDA:64,1,1,19
BRDA:69,2,0,19
BRDA:69,2,1,0
BRDA:69,3,0,19
BRDA:69,3,1,19
BRDA:69,3,2,5
BRDA:74,4,0,18
BRDA:74,4,1,1
BRDA:74,5,0,19
BRDA:74,5,1,19
BRDA:81,6,0,19
BRDA:81,6,1,18
BRDA:83,7,0,0
BRDA:83,7,1,37
BRDA:90,8,0,0
BRDA:90,8,1,19
BRDA:93,9,0,0
BRDA:93,9,1,19
BRDA:93,10,0,19
BRDA:93,10,1,19
BRDA:96,11,0,0
BRDA:96,11,1,19
BRDA:107,12,0,2
BRDA:107,12,1,0
BRDA:116,13,0,0
BRDA:116,13,1,2
BRDA:129,14,0,0
BRDA:129,14,1,2
BRDA:130,15,0,0
BRDA:130,15,1,2
BRDA:141,16,0,0
BRDA:141,16,1,2
BRDA:142,17,0,0
BRDA:142,17,1,2
BRDA:147,18,0,0
BRDA:147,18,1,2
BRDA:162,19,0,15
BRDA:162,19,1,0
BRDA:162,19,2,0
BRDA:162,19,3,2
BRDA:173,20,0,2
BRDA:173,20,1,2
BRDA:174,21,0,4
BRDA:174,21,1,2
BRDA:177,22,0,0
BRDA:177,22,1,4
BRDA:178,23,0,2
BRDA:178,23,1,2
BRDA:179,24,0,2
BRDA:179,24,1,0
BRDA:187,25,0,0
BRDA:187,25,1,15
BRDA:199,26,0,0
BRDA:199,26,1,15
BRDA:210,27,0,0
BRDA:210,27,1,15
BRDA:211,28,0,0
BRDA:211,28,1,15
BRDA:212,29,0,9
BRDA:212,29,1,6
BRDA:214,30,0,3
BRDA:214,30,1,6
BRDA:215,31,0,2
BRDA:215,31,1,7
BRDA:229,32,0,0
BRDA:229,32,1,13
BRDA:230,33,0,0
BRDA:230,33,1,13
BRDA:231,34,0,7
BRDA:231,34,1,6
BRDA:233,35,0,0
BRDA:233,35,1,7
BRDA:234,36,0,0
BRDA:234,36,1,7
BRDA:245,37,0,2
BRDA:245,37,1,13
BRDA:251,38,0,0
BRDA:251,38,1,13
BRDA:275,39,0,0
BRDA:275,39,1,13
BRDA:308,40,0,0
BRDA:308,40,1,4
BRDA:318,41,0,0
BRDA:318,41,1,1
BRF:85
BRH:57
end_of_record
TN:
SF:/home/dmi/projects/p2p-backend/models/accounting-policies.js
FN:36,ensureAccounts
FN:37,(anonymous_2)
FN:52,(anonymous_3)
FN:57,(anonymous_4)
FN:63,(anonymous_5)
FN:68,(anonymous_6)
FN:76,(anonymous_7)
FNF:7
FNH:7
FNDA:16,ensureAccounts
FNDA:16,(anonymous_2)
FNDA:26,(anonymous_3)
FNDA:11,(anonymous_4)
FNDA:12,(anonymous_5)
FNDA:12,(anonymous_6)
FNDA:16,(anonymous_7)
DA:1,1
DA:2,1
DA:3,1
DA:5,1
DA:6,1
DA:17,1
DA:18,1
DA:20,1
DA:28,1
DA:36,1
DA:37,16
DA:38,16
DA:39,16
DA:43,16
DA:44,16
DA:45,16
DA:46,16
DA:47,16
DA:48,16
DA:49,16
DA:50,16
DA:51,13
DA:52,13
DA:53,26
DA:56,3
DA:57,3
DA:58,11
DA:62,16
DA:63,16
DA:64,12
DA:69,12
DA:70,12
DA:73,12
DA:74,12
DA:77,16
LF:35
LH:35
BRDA:38,1,0,0
BRDA:38,1,1,16
BRDA:39,2,0,0
BRDA:39,2,1,16
BRDA:46,3,0,16
BRDA:46,3,1,0
BRDA:50,4,0,13
BRDA:50,4,1,3
BRDA:53,5,0,26
BRDA:53,5,1,10
BRDA:58,6,0,11
BRDA:58,6,1,6
BRDA:69,7,0,0
BRDA:69,7,1,12
BRDA:70,8,0,0
BRDA:70,8,1,12
BRF:16
BRH:11
end_of_record
TN:
SF:/home/dmi/projects/p2p-backend/models/contracts.js
FN:60,preValidate
FN:68,(anonymous_2)
FN:78,preSave
FN:98,(anonymous_4)
FN:102,populateInstitution
FN:107,defineSettlementPeriod
FN:116,ensureAccounts
FN:127,closeOperatingDateForAll
FN:142,(anonymous_9)
FN:146,(anonymous_10)
FN:152,(anonymous_11)
FN:156,done
FN:160,toLog
FN:168,openOperatingDateForAll
FN:182,(anonymous_15)
FN:184,(anonymous_16)
FN:189,(anonymous_17)
FN:193,done
FN:197,toLog
FNF:19
FNH:17
FNDA:6,preValidate
FNDA:5,(anonymous_2)
FNDA:5,preSave
FNDA:5,(anonymous_4)
FNDA:3,populateInstitution
FNDA:3,defineSettlementPeriod
FNDA:5,ensureAccounts
FNDA:4,closeOperatingDateForAll
FNDA:8,(anonymous_9)
FNDA:6,(anonymous_10)
FNDA:0,(anonymous_11)
FNDA:3,done
FNDA:6,toLog
FNDA:3,openOperatingDateForAll
FNDA:4,(anonymous_15)
FNDA:3,(anonymous_16)
FNDA:0,(anonymous_17)
FNDA:2,done
FNDA:3,toLog
DA:1,1
DA:2,1
DA:3,1
DA:4,1
DA:6,1
DA:7,1
DA:8,1
DA:9,1
DA:10,1
DA:11,1
DA:12,1
DA:13,1
DA:15,1
DA:16,1
DA:32,1
DA:34,1
DA:35,1
DA:36,1
DA:37,1
DA:38,1
DA:40,1
DA:41,1
DA:43,1
DA:44,1
DA:46,1
DA:52,1
DA:60,1
DA:62,6
DA:63,5
DA:64,5
DA:65,5
DA:69,5
DA:70,5
DA:73,4
DA:74,4
DA:78,1
DA:79,5
DA:80,5
DA:81,5
DA:83,5
DA:84,4
DA:85,1
DA:86,1
DA:89,5
DA:90,3
DA:91,3
DA:94,5
DA:96,5
DA:98,5
DA:99,5
DA:102,1
DA:103,3
DA:104,3
DA:107,1
DA:108,3
DA:109,3
DA:113,3
DA:116,1
DA:118,5
DA:119,5
DA:120,5
DA:127,1
DA:128,4
DA:129,4
DA:130,4
DA:131,4
DA:132,3
DA:134,1
DA:135,1
DA:137,3
DA:138,3
DA:139,3
DA:143,8
DA:144,8
DA:145,6
DA:146,6
DA:147,6
DA:148,6
DA:149,6
DA:153,0
DA:156,1
DA:157,3
DA:160,1
DA:161,6
DA:162,0
DA:164,6
DA:168,1
DA:169,3
DA:170,3
DA:171,3
DA:172,2
DA:174,1
DA:176,2
DA:177,2
DA:178,2
DA:183,4
DA:184,3
DA:185,3
DA:186,3
DA:190,0
DA:193,1
DA:194,2
DA:197,1
DA:198,3
DA:199,0
DA:201,3
LF:106
LH:102
BRDA:62,1,0,1
BRDA:62,1,1,5
BRDA:69,2,0,0
BRDA:69,2,1,5
BRDA:70,3,0,1
BRDA:70,3,1,4
BRDA:83,4,0,4
BRDA:83,4,1,1
BRDA:85,5,0,1
BRDA:85,5,1,0
BRDA:85,6,0,1
BRDA:85,6,1,1
BRDA:89,7,0,3
BRDA:89,7,1,2
BRDA:89,8,0,5
BRDA:89,8,1,3
BRDA:90,9,0,3
BRDA:90,9,1,0
BRDA:94,10,0,5
BRDA:94,10,1,0
BRDA:96,11,0,0
BRDA:96,11,1,5
BRDA:144,12,0,6
BRDA:144,12,1,2
BRDA:147,13,0,6
BRDA:147,13,1,0
BRDA:161,14,0,0
BRDA:161,14,1,6
BRDA:183,15,0,3
BRDA:183,15,1,1
BRDA:185,16,0,3
BRDA:185,16,1,0
BRDA:198,17,0,0
BRDA:198,17,1,3
BRF:34
BRH:25
end_of_record
TN:
SF:/home/dmi/projects/p2p-backend/models/products.js
FN:39,preSave
FNF:1
FNH:1
FNDA:2,preSave
DA:1,1
DA:2,1
DA:4,1
DA:6,1
DA:7,1
DA:19,1
DA:20,1
DA:21,1
DA:22,1
DA:23,1
DA:25,1
DA:31,1
DA:39,1
DA:40,2
DA:41,2
LF:15
LH:15
BRF:0
BRH:0
end_of_record
TN:
SF:/home/dmi/projects/p2p-backend/models/models.js
FNF:0
FNH:0
DA:2,1
DA:3,1
DA:4,1
DA:5,1
DA:6,1
DA:7,1
DA:8,1
DA:9,1
DA:10,1
DA:11,1
DA:13,1
LF:11
LH:11
BRF:0
BRH:0
end_of_record
TN:
SF:/home/dmi/projects/p2p-backend/models/current-account/index.js
FNF:0
FNH:0
DA:1,1
DA:2,1
DA:4,1
LF:3
LH:3
BRF:0
BRH:0
end_of_record
TN:
SF:/home/dmi/projects/p2p-backend/models/current-account/contracts.js
FN:50,refillAccount
FN:71,(anonymous_2)
FN:78,withdrawAmount
FN:88,(anonymous_4)
FN:93,doAssert
FN:105,calculateFee
FN:111,transactFee
FN:129,transact
FN:145,rollback_fee
FN:150,(anonymous_10)
FN:160,accrueInterests
FN:174,ensureInterestAccount
FN:179,(anonymous_13)
FN:186,refreshCurrentBalance
FN:191,calculateInterests
FN:201,transact
FN:222,payoutInterests
FN:234,refreshInterestsBalance
FN:237,(anonymous_19)
FN:244,transact
FN:259,closeOperatingDate
FN:263,openOperatingDate
FN:272,(anonymous_23)
FN:281,wrapInstanceMethod
FN:282,(anonymous_25)
FN:294,(anonymous_26)
FNF:26
FNH:18
FNDA:4,refillAccount
FNDA:4,(anonymous_2)
FNDA:3,withdrawAmount
FNDA:3,(anonymous_4)
FNDA:3,doAssert
FNDA:3,calculateFee
FNDA:3,transactFee
FNDA:3,transact
FNDA:1,rollback_fee
FNDA:1,(anonymous_10)
FNDA:6,accrueInterests
FNDA:6,ensureInterestAccount
FNDA:0,(anonymous_13)
FNDA:6,refreshCurrentBalance
FNDA:6,calculateInterests
FNDA:6,transact
FNDA:0,payoutInterests
FNDA:0,refreshInterestsBalance
FNDA:0,(anonymous_19)
FNDA:0,transact
FNDA:6,closeOperatingDate
FNDA:3,openOperatingDate
FNDA:0,(anonymous_23)
FNDA:4,wrapInstanceMethod
FNDA:0,(anonymous_25)
FNDA:0,(anonymous_26)
DA:1,1
DA:2,1
DA:3,1
DA:4,1
DA:5,1
DA:7,1
DA:8,1
DA:9,1
DA:11,1
DA:12,1
DA:14,1
DA:23,1
DA:24,1
DA:25,1
DA:26,1
DA:27,1
DA:28,1
DA:29,1
DA:30,1
DA:31,1
DA:32,1
DA:38,1
DA:42,1
DA:50,1
DA:51,4
DA:52,4
DA:53,4
DA:54,4
DA:56,0
DA:58,4
DA:60,4
DA:71,4
DA:72,4
DA:73,4
DA:78,1
DA:79,3
DA:80,3
DA:81,3
DA:83,3
DA:89,3
DA:90,2
DA:93,1
DA:94,3
DA:95,3
DA:96,3
DA:97,3
DA:98,3
DA:100,0
DA:102,3
DA:105,1
DA:106,3
DA:107,3
DA:108,3
DA:111,1
DA:112,3
DA:113,3
DA:114,2
DA:124,2
DA:126,1
DA:129,1
DA:130,3
DA:131,3
DA:142,3
DA:145,1
DA:146,1
DA:147,1
DA:149,1
DA:150,1
DA:151,1
DA:154,1
DA:160,1
DA:161,6
DA:162,6
DA:163,6
DA:165,6
DA:167,6
DA:174,1
DA:175,6
DA:176,0
DA:177,0
DA:180,0
DA:181,0
DA:186,1
DA:187,6
DA:188,6
DA:191,1
DA:192,6
DA:193,6
DA:194,4
DA:196,6
DA:197,6
DA:198,6
DA:201,1
DA:202,6
DA:203,0
DA:211,0
DA:222,1
DA:224,0
DA:226,0
DA:227,0
DA:229,0
DA:234,1
DA:235,0
DA:237,0
DA:238,0
DA:239,0
DA:240,0
DA:244,1
DA:245,0
DA:246,0
DA:255,0
DA:259,1
DA:260,6
DA:263,1
DA:264,3
DA:265,3
DA:266,3
DA:268,0
DA:270,3
DA:271,0
DA:272,0
DA:273,0
DA:274,0
DA:278,3
DA:281,1
DA:282,4
DA:283,0
DA:284,0
DA:285,0
DA:286,0
DA:287,0
DA:288,0
DA:290,0
DA:291,0
DA:292,0
DA:294,0
DA:295,0
DA:296,0
DA:299,0
LF:139
LH:101
BRDA:52,1,0,4
BRDA:52,1,1,4
BRDA:54,2,0,4
BRDA:54,2,1,4
BRDA:72,3,0,0
BRDA:72,3,1,4
BRDA:89,4,0,1
BRDA:89,4,1,2
BRDA:96,5,0,3
BRDA:96,5,1,3
BRDA:113,6,0,2
BRDA:113,6,1,1
BRDA:147,7,0,0
BRDA:147,7,1,1
BRDA:147,8,0,1
BRDA:147,8,1,1
BRDA:151,9,0,0
BRDA:151,9,1,1
BRDA:175,10,0,6
BRDA:175,10,1,0
BRDA:180,11,0,0
BRDA:180,11,1,0
BRDA:193,12,0,4
BRDA:193,12,1,2
BRDA:202,13,0,6
BRDA:202,13,1,0
BRDA:235,14,0,0
BRDA:235,14,1,0
BRDA:238,15,0,0
BRDA:238,15,1,0
BRDA:239,16,0,0
BRDA:239,16,1,0
BRDA:245,17,0,0
BRDA:245,17,1,0
BRDA:270,18,0,0
BRDA:270,18,1,3
BRDA:273,19,0,0
BRDA:273,19,1,0
BRDA:286,20,0,0
BRDA:286,20,1,0
BRDA:290,21,0,0
BRDA:290,21,1,0
BRDA:295,22,0,0
BRDA:295,22,1,0
BRDA:296,23,0,0
BRDA:296,23,1,0
BRF:46
BRH:20
end_of_record
TN:
SF:/home/dmi/projects/p2p-backend/models/current-account/products.js
FNF:0
FNH:0
DA:1,1
DA:2,1
DA:3,1
DA:5,1
DA:17,1
DA:21,1
LF:6
LH:6
BRF:0
BRH:0
end_of_record
TN:
SF:/home/dmi/projects/p2p-backend/models/current-account/transactions.js
FN:22,(anonymous_1)
FN:31,(anonymous_2)
FNF:2
FNH:1
FNDA:2,(anonymous_1)
FNDA:0,(anonymous_2)
DA:2,1
DA:3,1
DA:4,1
DA:6,1
DA:11,1
DA:16,1
DA:22,1
DA:23,2
DA:26,1
DA:31,1
DA:32,0
DA:33,0
DA:36,1
DA:42,1
DA:46,1
DA:50,1
DA:54,1
DA:58,1
DA:62,1
LF:19
LH:17
BRF:0
BRH:0
end_of_record
